#
# There is insufficient memory for the Java Runtime Environment to continue.
# Native memory allocation (malloc) failed to allocate 199536 bytes for Chunk::new
# Possible reasons:
#   The system is out of physical RAM or swap space
#   The process is running with CompressedOops enabled, and the Java Heap may be blocking the growth of the native heap
# Possible solutions:
#   Reduce memory load on the system
#   Increase physical memory or swap space
#   Check if swap backing store is full
#   Decrease Java heap size (-Xmx/-Xms)
#   Decrease number of Java threads
#   Decrease Java thread stack sizes (-Xss)
#   Set larger code cache with -XX:ReservedCodeCacheSize=
#   JVM is running with Unscaled Compressed Oops mode in which the Java heap is
#     placed in the first 4GB address space. The Java Heap base address is the
#     maximum limit for the native heap growth. Please use -XX:HeapBaseMinAddress
#     to set the Java Heap base and to place the Java Heap above 4GB virtual address.
# This output file may be truncated or incomplete.
#
#  Out of Memory Error (./open/src/hotspot/share/memory/arena.cpp:197), pid=10080, tid=14000
#
# JRE version: Java(TM) SE Runtime Environment 18.9 (11.0.17+10) (build 11.0.17+10-LTS-269)
# Java VM: Java HotSpot(TM) 64-Bit Server VM 18.9 (11.0.17+10-LTS-269, mixed mode, tiered, compressed oops, g1 gc, windows-amd64)
# No core dump will be written. Minidumps are not enabled by default on client versions of Windows
#

---------------  S U M M A R Y ------------

Command Line: -Xmx64m -Xms64m -Dorg.gradle.appname=gradlew org.gradle.wrapper.GradleWrapperMain tasks

Host: Intel(R) Core(TM) i7-8650U CPU @ 1.90GHz, 8 cores, 7G,  Windows 10 , 64 bit Build 19041 (10.0.19041.3155)
Time: Sun Jul 30 10:44:00 2023 Morocco Daylight Time elapsed time: 2.284403 seconds (0d 0h 0m 2s)

---------------  T H R E A D  ---------------

Current thread (0x000002cb7d9f2800):  JavaThread "C2 CompilerThread2" daemon [_thread_in_native, id=14000, stack(0x000000d5ac100000,0x000000d5ac200000)]


Current CompileTask:
C2:   2284 1072       4       jdk.internal.util.jar.JarIndex::get (49 bytes)

Stack: [0x000000d5ac100000,0x000000d5ac200000]
Native frames: (J=compiled Java code, j=interpreted, Vv=VM code, C=native code)
V  [jvm.dll+0x62b5da]
V  [jvm.dll+0x7653df]
V  [jvm.dll+0x766a89]
V  [jvm.dll+0x767113]
V  [jvm.dll+0x23dd28]
V  [jvm.dll+0xb2a1c]
V  [jvm.dll+0xb2fdc]
V  [jvm.dll+0x341597]
V  [jvm.dll+0x18ce51]
V  [jvm.dll+0x1f8815]
V  [jvm.dll+0x1f78fd]
V  [jvm.dll+0x177c91]
V  [jvm.dll+0x207296]
V  [jvm.dll+0x20542b]
V  [jvm.dll+0x72b2c0]
V  [jvm.dll+0x723e64]
V  [jvm.dll+0x62a485]
C  [ucrtbase.dll+0x21bb2]
C  [KERNEL32.DLL+0x17614]
C  [ntdll.dll+0x526b1]


---------------  P R O C E S S  ---------------

Threads class SMR info:
_java_thread_list=0x000002cb7dc73470, length=13, elements={
0x000002cb71bc9800, 0x000002cb7c9ad000, 0x000002cb7c9b6000, 0x000002cb7ca1a800,
0x000002cb7ca1d000, 0x000002cb7c9c3000, 0x000002cb7c9c8000, 0x000002cb7c9cc800,
0x000002cb7c9d0000, 0x000002cb7cc9d000, 0x000002cb7d91d000, 0x000002cb7d9f2800,
0x000002cb7dc74800
}

Java Threads: ( => current thread )
  0x000002cb71bc9800 JavaThread "main" [_thread_in_native, id=12748, stack(0x000000d5aaf00000,0x000000d5ab000000)]
  0x000002cb7c9ad000 JavaThread "Reference Handler" daemon [_thread_blocked, id=9056, stack(0x000000d5ab600000,0x000000d5ab700000)]
  0x000002cb7c9b6000 JavaThread "Finalizer" daemon [_thread_blocked, id=536, stack(0x000000d5ab700000,0x000000d5ab800000)]
  0x000002cb7ca1a800 JavaThread "Signal Dispatcher" daemon [_thread_blocked, id=2484, stack(0x000000d5ab800000,0x000000d5ab900000)]
  0x000002cb7ca1d000 JavaThread "Attach Listener" daemon [_thread_blocked, id=15036, stack(0x000000d5ab900000,0x000000d5aba00000)]
  0x000002cb7c9c3000 JavaThread "Service Thread" daemon [_thread_blocked, id=6728, stack(0x000000d5aba00000,0x000000d5abb00000)]
  0x000002cb7c9c8000 JavaThread "C2 CompilerThread0" daemon [_thread_blocked, id=13512, stack(0x000000d5abb00000,0x000000d5abc00000)]
  0x000002cb7c9cc800 JavaThread "C1 CompilerThread0" daemon [_thread_blocked, id=15280, stack(0x000000d5abc00000,0x000000d5abd00000)]
  0x000002cb7c9d0000 JavaThread "Sweeper thread" daemon [_thread_blocked, id=10308, stack(0x000000d5abd00000,0x000000d5abe00000)]
  0x000002cb7cc9d000 JavaThread "Common-Cleaner" daemon [_thread_blocked, id=5768, stack(0x000000d5abf00000,0x000000d5ac000000)]
  0x000002cb7d91d000 JavaThread "C2 CompilerThread1" daemon [_thread_blocked, id=8688, stack(0x000000d5ac000000,0x000000d5ac100000)]
=>0x000002cb7d9f2800 JavaThread "C2 CompilerThread2" daemon [_thread_in_native, id=14000, stack(0x000000d5ac100000,0x000000d5ac200000)]
  0x000002cb7dc74800 JavaThread "pool-1-thread-1" [_thread_blocked, id=9540, stack(0x000000d5ac300000,0x000000d5ac400000)]

Other Threads:
  0x000002cb7c989000 VMThread "VM Thread" [stack: 0x000000d5ab500000,0x000000d5ab600000] [id=15008]
  0x000002cb7cc9c800 WatcherThread [stack: 0x000000d5abe00000,0x000000d5abf00000] [id=756]
  0x000002cb71bdd000 GCTaskThread "GC Thread#0" [stack: 0x000000d5ab000000,0x000000d5ab100000] [id=3808]
  0x000002cb7d9b5800 GCTaskThread "GC Thread#1" [stack: 0x000000d5ac200000,0x000000d5ac300000] [id=14732]
  0x000002cb71be7000 ConcurrentGCThread "G1 Main Marker" [stack: 0x000000d5ab100000,0x000000d5ab200000] [id=12264]
  0x000002cb71be8800 ConcurrentGCThread "G1 Conc#0" [stack: 0x000000d5ab200000,0x000000d5ab300000] [id=5452]
  0x000002cb71c4f000 ConcurrentGCThread "G1 Refine#0" [stack: 0x000000d5ab300000,0x000000d5ab400000] [id=13008]
  0x000002cb71c50000 ConcurrentGCThread "G1 Young RemSet Sampling" [stack: 0x000000d5ab400000,0x000000d5ab500000] [id=10884]

Threads with active compile tasks:
C2 CompilerThread2     2355 1072       4       jdk.internal.util.jar.JarIndex::get (49 bytes)

VM state:not at safepoint (normal execution)

VM Mutex/Monitor currently owned by a thread: None

Heap address: 0x00000000fc000000, size: 64 MB, Compressed Oops mode: 32-bit
Narrow klass base: 0x0000000000000000, Narrow klass shift: 3
Compressed class space size: 1073741824 Address: 0x0000000100000000

Heap:
 garbage-first heap   total 65536K, used 24453K [0x00000000fc000000, 0x0000000100000000)
  region size 1024K, 18 young (18432K), 3 survivors (3072K)
 Metaspace       used 13503K, capacity 13786K, committed 14080K, reserved 1062912K
  class space    used 1560K, capacity 1665K, committed 1792K, reserved 1048576K
Heap Regions: E=young(eden), S=young(survivor), O=old, HS=humongous(starts), HC=humongous(continues), CS=collection set, F=free, A=archive, TAMS=top-at-mark-start (previous, next)
|   0|0x00000000fc000000, 0x00000000fc100000, 0x00000000fc100000|100%|HS|  |TAMS 0x00000000fc000000, 0x00000000fc000000| Complete 
|   1|0x00000000fc100000, 0x00000000fc200000, 0x00000000fc200000|100%|HC|  |TAMS 0x00000000fc100000, 0x00000000fc100000| Complete 
|   2|0x00000000fc200000, 0x00000000fc300000, 0x00000000fc300000|100%|HC|  |TAMS 0x00000000fc200000, 0x00000000fc200000| Complete 
|   3|0x00000000fc300000, 0x00000000fc400000, 0x00000000fc400000|100%|HC|  |TAMS 0x00000000fc300000, 0x00000000fc300000| Complete 
|   4|0x00000000fc400000, 0x00000000fc500000, 0x00000000fc500000|100%| O|  |TAMS 0x00000000fc400000, 0x00000000fc400000| Untracked 
|   5|0x00000000fc500000, 0x00000000fc600000, 0x00000000fc600000|100%| O|  |TAMS 0x00000000fc500000, 0x00000000fc500000| Untracked 
|   6|0x00000000fc600000, 0x00000000fc6e1400, 0x00000000fc700000| 87%| O|  |TAMS 0x00000000fc600000, 0x00000000fc600000| Untracked 
|   7|0x00000000fc700000, 0x00000000fc700000, 0x00000000fc800000|  0%| F|  |TAMS 0x00000000fc700000, 0x00000000fc700000| Untracked 
|   8|0x00000000fc800000, 0x00000000fc800000, 0x00000000fc900000|  0%| F|  |TAMS 0x00000000fc800000, 0x00000000fc800000| Untracked 
|   9|0x00000000fc900000, 0x00000000fc900000, 0x00000000fca00000|  0%| F|  |TAMS 0x00000000fc900000, 0x00000000fc900000| Untracked 
|  10|0x00000000fca00000, 0x00000000fca00000, 0x00000000fcb00000|  0%| F|  |TAMS 0x00000000fca00000, 0x00000000fca00000| Untracked 
|  11|0x00000000fcb00000, 0x00000000fcb00000, 0x00000000fcc00000|  0%| F|  |TAMS 0x00000000fcb00000, 0x00000000fcb00000| Untracked 
|  12|0x00000000fcc00000, 0x00000000fcc00000, 0x00000000fcd00000|  0%| F|  |TAMS 0x00000000fcc00000, 0x00000000fcc00000| Untracked 
|  13|0x00000000fcd00000, 0x00000000fcd00000, 0x00000000fce00000|  0%| F|  |TAMS 0x00000000fcd00000, 0x00000000fcd00000| Untracked 
|  14|0x00000000fce00000, 0x00000000fce00000, 0x00000000fcf00000|  0%| F|  |TAMS 0x00000000fce00000, 0x00000000fce00000| Untracked 
|  15|0x00000000fcf00000, 0x00000000fcf00000, 0x00000000fd000000|  0%| F|  |TAMS 0x00000000fcf00000, 0x00000000fcf00000| Untracked 
|  16|0x00000000fd000000, 0x00000000fd000000, 0x00000000fd100000|  0%| F|  |TAMS 0x00000000fd000000, 0x00000000fd000000| Untracked 
|  17|0x00000000fd100000, 0x00000000fd100000, 0x00000000fd200000|  0%| F|  |TAMS 0x00000000fd100000, 0x00000000fd100000| Untracked 
|  18|0x00000000fd200000, 0x00000000fd200000, 0x00000000fd300000|  0%| F|  |TAMS 0x00000000fd200000, 0x00000000fd200000| Untracked 
|  19|0x00000000fd300000, 0x00000000fd300000, 0x00000000fd400000|  0%| F|  |TAMS 0x00000000fd300000, 0x00000000fd300000| Untracked 
|  20|0x00000000fd400000, 0x00000000fd400000, 0x00000000fd500000|  0%| F|  |TAMS 0x00000000fd400000, 0x00000000fd400000| Untracked 
|  21|0x00000000fd500000, 0x00000000fd500000, 0x00000000fd600000|  0%| F|  |TAMS 0x00000000fd500000, 0x00000000fd500000| Untracked 
|  22|0x00000000fd600000, 0x00000000fd600000, 0x00000000fd700000|  0%| F|  |TAMS 0x00000000fd600000, 0x00000000fd600000| Untracked 
|  23|0x00000000fd700000, 0x00000000fd700000, 0x00000000fd800000|  0%| F|  |TAMS 0x00000000fd700000, 0x00000000fd700000| Untracked 
|  24|0x00000000fd800000, 0x00000000fd800000, 0x00000000fd900000|  0%| F|  |TAMS 0x00000000fd800000, 0x00000000fd800000| Untracked 
|  25|0x00000000fd900000, 0x00000000fd900000, 0x00000000fda00000|  0%| F|  |TAMS 0x00000000fd900000, 0x00000000fd900000| Untracked 
|  26|0x00000000fda00000, 0x00000000fda00000, 0x00000000fdb00000|  0%| F|  |TAMS 0x00000000fda00000, 0x00000000fda00000| Untracked 
|  27|0x00000000fdb00000, 0x00000000fdb00000, 0x00000000fdc00000|  0%| F|  |TAMS 0x00000000fdb00000, 0x00000000fdb00000| Untracked 
|  28|0x00000000fdc00000, 0x00000000fdc00000, 0x00000000fdd00000|  0%| F|  |TAMS 0x00000000fdc00000, 0x00000000fdc00000| Untracked 
|  29|0x00000000fdd00000, 0x00000000fdd00000, 0x00000000fde00000|  0%| F|  |TAMS 0x00000000fdd00000, 0x00000000fdd00000| Untracked 
|  30|0x00000000fde00000, 0x00000000fde00000, 0x00000000fdf00000|  0%| F|  |TAMS 0x00000000fde00000, 0x00000000fde00000| Untracked 
|  31|0x00000000fdf00000, 0x00000000fdf00000, 0x00000000fe000000|  0%| F|  |TAMS 0x00000000fdf00000, 0x00000000fdf00000| Untracked 
|  32|0x00000000fe000000, 0x00000000fe000000, 0x00000000fe100000|  0%| F|  |TAMS 0x00000000fe000000, 0x00000000fe000000| Untracked 
|  33|0x00000000fe100000, 0x00000000fe100000, 0x00000000fe200000|  0%| F|  |TAMS 0x00000000fe100000, 0x00000000fe100000| Untracked 
|  34|0x00000000fe200000, 0x00000000fe200000, 0x00000000fe300000|  0%| F|  |TAMS 0x00000000fe200000, 0x00000000fe200000| Untracked 
|  35|0x00000000fe300000, 0x00000000fe300000, 0x00000000fe400000|  0%| F|  |TAMS 0x00000000fe300000, 0x00000000fe300000| Untracked 
|  36|0x00000000fe400000, 0x00000000fe400000, 0x00000000fe500000|  0%| F|  |TAMS 0x00000000fe400000, 0x00000000fe400000| Untracked 
|  37|0x00000000fe500000, 0x00000000fe600000, 0x00000000fe600000|100%| S|CS|TAMS 0x00000000fe500000, 0x00000000fe500000| Complete 
|  38|0x00000000fe600000, 0x00000000fe700000, 0x00000000fe700000|100%| S|CS|TAMS 0x00000000fe600000, 0x00000000fe600000| Complete 
|  39|0x00000000fe700000, 0x00000000fe800000, 0x00000000fe800000|100%| S|CS|TAMS 0x00000000fe700000, 0x00000000fe700000| Complete 
|  40|0x00000000fe800000, 0x00000000fe800000, 0x00000000fe900000|  0%| F|  |TAMS 0x00000000fe800000, 0x00000000fe800000| Untracked 
|  41|0x00000000fe900000, 0x00000000fe900000, 0x00000000fea00000|  0%| F|  |TAMS 0x00000000fe900000, 0x00000000fe900000| Untracked 
|  42|0x00000000fea00000, 0x00000000fea00000, 0x00000000feb00000|  0%| F|  |TAMS 0x00000000fea00000, 0x00000000fea00000| Untracked 
|  43|0x00000000feb00000, 0x00000000feb00000, 0x00000000fec00000|  0%| F|  |TAMS 0x00000000feb00000, 0x00000000feb00000| Untracked 
|  44|0x00000000fec00000, 0x00000000fec00000, 0x00000000fed00000|  0%| F|  |TAMS 0x00000000fec00000, 0x00000000fec00000| Untracked 
|  45|0x00000000fed00000, 0x00000000fed00000, 0x00000000fee00000|  0%| F|  |TAMS 0x00000000fed00000, 0x00000000fed00000| Untracked 
|  46|0x00000000fee00000, 0x00000000fee00000, 0x00000000fef00000|  0%| F|  |TAMS 0x00000000fee00000, 0x00000000fee00000| Untracked 
|  47|0x00000000fef00000, 0x00000000fef00000, 0x00000000ff000000|  0%| F|  |TAMS 0x00000000fef00000, 0x00000000fef00000| Untracked 
|  48|0x00000000ff000000, 0x00000000ff000000, 0x00000000ff100000|  0%| F|  |TAMS 0x00000000ff000000, 0x00000000ff000000| Untracked 
|  49|0x00000000ff100000, 0x00000000ff180800, 0x00000000ff200000| 50%| E|  |TAMS 0x00000000ff100000, 0x00000000ff100000| Complete 
|  50|0x00000000ff200000, 0x00000000ff300000, 0x00000000ff300000|100%| E|CS|TAMS 0x00000000ff200000, 0x00000000ff200000| Complete 
|  51|0x00000000ff300000, 0x00000000ff400000, 0x00000000ff400000|100%| E|CS|TAMS 0x00000000ff300000, 0x00000000ff300000| Complete 
|  52|0x00000000ff400000, 0x00000000ff500000, 0x00000000ff500000|100%| E|CS|TAMS 0x00000000ff400000, 0x00000000ff400000| Complete 
|  53|0x00000000ff500000, 0x00000000ff600000, 0x00000000ff600000|100%| E|CS|TAMS 0x00000000ff500000, 0x00000000ff500000| Complete 
|  54|0x00000000ff600000, 0x00000000ff700000, 0x00000000ff700000|100%| E|CS|TAMS 0x00000000ff600000, 0x00000000ff600000| Complete 
|  55|0x00000000ff700000, 0x00000000ff800000, 0x00000000ff800000|100%| E|CS|TAMS 0x00000000ff700000, 0x00000000ff700000| Complete 
|  56|0x00000000ff800000, 0x00000000ff900000, 0x00000000ff900000|100%| E|CS|TAMS 0x00000000ff800000, 0x00000000ff800000| Complete 
|  57|0x00000000ff900000, 0x00000000ffa00000, 0x00000000ffa00000|100%| E|CS|TAMS 0x00000000ff900000, 0x00000000ff900000| Complete 
|  58|0x00000000ffa00000, 0x00000000ffb00000, 0x00000000ffb00000|100%| E|CS|TAMS 0x00000000ffa00000, 0x00000000ffa00000| Complete 
|  59|0x00000000ffb00000, 0x00000000ffc00000, 0x00000000ffc00000|100%| E|CS|TAMS 0x00000000ffb00000, 0x00000000ffb00000| Complete 
|  60|0x00000000ffc00000, 0x00000000ffd00000, 0x00000000ffd00000|100%| E|CS|TAMS 0x00000000ffc00000, 0x00000000ffc00000| Complete 
|  61|0x00000000ffd00000, 0x00000000ffe00000, 0x00000000ffe00000|100%| E|CS|TAMS 0x00000000ffd00000, 0x00000000ffd00000| Complete 
|  62|0x00000000ffe00000, 0x00000000fff00000, 0x00000000fff00000|100%| E|CS|TAMS 0x00000000ffe00000, 0x00000000ffe00000| Complete 
|  63|0x00000000fff00000, 0x0000000100000000, 0x0000000100000000|100%| E|CS|TAMS 0x00000000fff00000, 0x00000000fff00000| Complete 

Card table byte_map: [0x000002cb6fb80000,0x000002cb6fba0000] _byte_map_base: 0x000002cb6f3a0000

Marking Bits (Prev, Next): (CMBitMap*) 0x000002cb71be5e58, (CMBitMap*) 0x000002cb71be5e90
 Prev Bits: [0x000002cb795d0000, 0x000002cb796d0000)
 Next Bits: [0x000002cb796d0000, 0x000002cb797d0000)

Polling page: 0x000002cb6fb30000

Metaspace:

Usage:
  Non-class:     11.84 MB capacity,    11.66 MB ( 99%) used,   159.41 KB (  1%) free+waste,    18.25 KB ( <1%) overhead. 
      Class:      1.63 MB capacity,     1.52 MB ( 94%) used,    95.28 KB (  6%) free+waste,     9.38 KB ( <1%) overhead. 
       Both:     13.46 MB capacity,    13.19 MB ( 98%) used,   254.69 KB (  2%) free+waste,    27.63 KB ( <1%) overhead. 

Virtual space:
  Non-class space:       14.00 MB reserved,      12.00 MB ( 86%) committed 
      Class space:        1.00 GB reserved,       1.75 MB ( <1%) committed 
             Both:        1.01 GB reserved,      13.75 MB (  1%) committed 

Chunk freelists:
   Non-Class:  4.88 KB
       Class:  0 bytes
        Both:  4.88 KB

CodeHeap 'non-profiled nmethods': size=120000Kb used=425Kb max_used=425Kb free=119574Kb
 bounds [0x000002cb07ad0000, 0x000002cb07d40000, 0x000002cb0f000000]
CodeHeap 'profiled nmethods': size=120000Kb used=2056Kb max_used=2056Kb free=117943Kb
 bounds [0x000002cb005a0000, 0x000002cb00810000, 0x000002cb07ad0000]
CodeHeap 'non-nmethods': size=5760Kb used=1087Kb max_used=1102Kb free=4672Kb
 bounds [0x000002cb00000000, 0x000002cb00270000, 0x000002cb005a0000]
 total_blobs=1492 nmethods=1095 adapters=309
 compilation: enabled
              stopped_count=0, restarted_count=0
 full_count=0

Compilation events (10 events):
Event: 2.259 Thread 0x000002cb7d91d000 nmethod 1082 0x000002cb07b37110 code [0x000002cb07b372a0, 0x000002cb07b37598]
Event: 2.259 Thread 0x000002cb7c9cc800 1085       3       java.io.DataOutputStream::writeUTF (7 bytes)
Event: 2.259 Thread 0x000002cb7c9cc800 nmethod 1085 0x000002cb0079e710 code [0x000002cb0079e8c0, 0x000002cb0079e9e8]
Event: 2.275 Thread 0x000002cb7c9cc800 1087       3       java.lang.StringLatin1::compareTo (52 bytes)
Event: 2.275 Thread 0x000002cb7c9cc800 nmethod 1087 0x000002cb0079ea90 code [0x000002cb0079ec60, 0x000002cb0079f018]
Event: 2.276 Thread 0x000002cb7c9c8000 nmethod 1056 0x000002cb07b37690 code [0x000002cb07b378a0, 0x000002cb07b38ff8]
Event: 2.277 Thread 0x000002cb7c9cc800 1088       3       java.util.concurrent.ConcurrentHashMap$EntryIterator::next (5 bytes)
Event: 2.278 Thread 0x000002cb7c9cc800 nmethod 1088 0x000002cb0079f210 code [0x000002cb0079f3c0, 0x000002cb0079f4e8]
Event: 2.278 Thread 0x000002cb7c9cc800 1089       3       java.util.concurrent.ConcurrentHashMap$EntryIterator::next (51 bytes)
Event: 2.278 Thread 0x000002cb7c9cc800 nmethod 1089 0x000002cb0079f590 code [0x000002cb0079f780, 0x000002cb0079fc78]

GC Heap History (2 events):
Event: 1.753 GC heap before
{Heap before GC invocations=0 (full 0):
 garbage-first heap   total 65536K, used 27648K [0x00000000fc000000, 0x0000000100000000)
  region size 1024K, 24 young (24576K), 0 survivors (0K)
 Metaspace       used 10156K, capacity 10348K, committed 10624K, reserved 1058816K
  class space    used 1052K, capacity 1129K, committed 1152K, reserved 1048576K
}
Event: 1.777 GC heap after
{Heap after GC invocations=1 (full 0):
 garbage-first heap   total 65536K, used 10117K [0x00000000fc000000, 0x0000000100000000)
  region size 1024K, 3 young (3072K), 3 survivors (3072K)
 Metaspace       used 10156K, capacity 10348K, committed 10624K, reserved 1058816K
  class space    used 1052K, capacity 1129K, committed 1152K, reserved 1048576K
}

Deoptimization events (10 events):
Event: 1.391 Thread 0x000002cb71bc9800 Uncommon trap: reason=bimorphic_or_optimized_type_check action=maybe_recompile pc=0x000002cb07affbd0 method=java.util.HashMap.putVal(ILjava/lang/Object;Ljava/lang/Object;ZZ)Ljava/lang/Object; @ 91 c2
Event: 1.649 Thread 0x000002cb71bc9800 Uncommon trap: reason=unstable_if action=reinterpret pc=0x000002cb07aeb304 method=java.util.regex.Matcher.reset()Ljava/util/regex/Matcher; @ 47 c2
Event: 1.649 Thread 0x000002cb71bc9800 Uncommon trap: reason=class_check action=maybe_recompile pc=0x000002cb07aecac4 method=java.util.regex.Matcher.match(II)Z @ 121 c2
Event: 1.649 Thread 0x000002cb71bc9800 Uncommon trap: reason=class_check action=maybe_recompile pc=0x000002cb07aecac4 method=java.util.regex.Matcher.match(II)Z @ 121 c2
Event: 1.650 Thread 0x000002cb71bc9800 Uncommon trap: reason=class_check action=maybe_recompile pc=0x000002cb07aecac4 method=java.util.regex.Matcher.match(II)Z @ 121 c2
Event: 1.650 Thread 0x000002cb71bc9800 Uncommon trap: reason=class_check action=maybe_recompile pc=0x000002cb07aecac4 method=java.util.regex.Matcher.match(II)Z @ 121 c2
Event: 1.655 Thread 0x000002cb71bc9800 Uncommon trap: reason=unstable_if action=reinterpret pc=0x000002cb07adbdd4 method=java.util.regex.Pattern.has(I)Z @ 6 c2
Event: 1.658 Thread 0x000002cb71bc9800 Uncommon trap: reason=unstable_if action=reinterpret pc=0x000002cb07b0f730 method=java.util.HashMap.hash(Ljava/lang/Object;)I @ 1 c2
Event: 2.253 Thread 0x000002cb71bc9800 Uncommon trap: reason=unstable_if action=reinterpret pc=0x000002cb07b2b2d0 method=java.util.HashMap.getNode(ILjava/lang/Object;)Ljava/util/HashMap$Node; @ 129 c2
Event: 2.253 Thread 0x000002cb71bc9800 Uncommon trap: reason=bimorphic_or_optimized_type_check action=maybe_recompile pc=0x000002cb07b0d0b0 method=java.util.HashMap.putVal(ILjava/lang/Object;Ljava/lang/Object;ZZ)Ljava/lang/Object; @ 203 c2

Classes redefined (0 events):
No events

Internal exceptions (9 events):
Event: 0.474 Thread 0x000002cb71bc9800 Exception <a 'java/lang/NoSuchMethodError'{0x00000000ffc60900}: java.lang.invoke.DirectMethodHandle$Holder.invokeStaticInit(Ljava/lang/Object;Ljava/lang/Object;)I> (0x00000000ffc60900) thrown at [./open/src/hotspot/share/interpreter/linkResolver.cpp, line
Event: 0.575 Thread 0x000002cb71bc9800 Exception <a 'java/lang/NoSuchMethodError'{0x00000000ffb34458}: java.lang.invoke.DirectMethodHandle$Holder.invokeSpecial(Ljava/lang/Object;Ljava/lang/Object;Ljava/lang/Object;Ljava/lang/Object;)I> (0x00000000ffb34458) thrown at [./open/src/hotspot/share/i
Event: 0.590 Thread 0x000002cb71bc9800 Exception <a 'java/lang/NoSuchMethodError'{0x00000000ffb6c330}: java.lang.invoke.DirectMethodHandle$Holder.invokeSpecialIFC(Ljava/lang/Object;Ljava/lang/Object;I)I> (0x00000000ffb6c330) thrown at [./open/src/hotspot/share/interpreter/linkResolver.cpp, lin
Event: 1.658 Thread 0x000002cb71bc9800 Implicit null exception at 0x000002cb07b0f555 to 0x000002cb07b0f720
Event: 1.703 Thread 0x000002cb71bc9800 Exception <a 'java/lang/NoClassDefFoundError'{0x00000000fe802438}: org/slf4j/impl/StaticMarkerBinder> (0x00000000fe802438) thrown at [./open/src/hotspot/share/classfile/systemDictionary.cpp, line 215]
Event: 1.783 Thread 0x000002cb71bc9800 Exception <a 'java/lang/NoSuchMethodError'{0x00000000fff04418}: java.lang.invoke.DirectMethodHandle$Holder.invokeVirtual(Ljava/lang/Object;Ljava/lang/Object;Ljava/lang/Object;Ljava/lang/Object;Ljava/lang/Object;Ljava/lang/Object;Ljava/lang/Object;)Ljava/l
Event: 1.799 Thread 0x000002cb71bc9800 Exception <a 'java/lang/NoSuchMethodError'{0x00000000fff17fc8}: java.lang.invoke.Invokers$Holder.invoker(Ljava/lang/Object;Ljava/lang/Object;Ljava/lang/Object;)Ljava/lang/Object;> (0x00000000fff17fc8) thrown at [./open/src/hotspot/share/interpreter/linkRe
Event: 1.807 Thread 0x000002cb71bc9800 Exception <a 'java/lang/NoSuchMethodError'{0x00000000fff28d88}: java.lang.invoke.DelegatingMethodHandle$Holder.delegate(Ljava/lang/Object;Ljava/lang/Object;ILjava/lang/Object;)V> (0x00000000fff28d88) thrown at [./open/src/hotspot/share/interpreter/linkRes
Event: 2.113 Thread 0x000002cb71bc9800 Exception <a 'java/lang/NoSuchMethodError'{0x00000000ff7f17f8}: java.lang.invoke.DirectMethodHandle$Holder.invokeStaticInit(Ljava/lang/Object;Ljava/lang/Object;Ljava/lang/Object;)Ljava/lang/Object;> (0x00000000ff7f17f8) thrown at [./open/src/hotspot/share

Events (10 events):
Event: 2.277 loading class org/gradle/internal/InternalTransformer
Event: 2.277 loading class org/gradle/internal/InternalTransformer done
Event: 2.278 loading class org/gradle/api/specs/Spec
Event: 2.278 loading class org/gradle/api/specs/Spec done
Event: 2.278 loading class org/gradle/internal/classpath/ClassPath
Event: 2.278 loading class org/gradle/internal/classpath/ClassPath done
Event: 2.279 loading class org/gradle/internal/classpath/DefaultClassPath
Event: 2.279 loading class org/gradle/internal/classpath/DefaultClassPath done
Event: 2.279 loading class org/gradle/internal/classpath/DefaultClassPath$ImmutableUniqueList
Event: 2.279 loading class org/gradle/internal/classpath/DefaultClassPath$ImmutableUniqueList done


Dynamic libraries:
0x00007ff69f370000 - 0x00007ff69f37f000 	C:\Program Files\Java\jdk-11.0.17\bin\java.exe
0x00007ff9bd730000 - 0x00007ff9bd928000 	C:\windows\SYSTEM32\ntdll.dll
0x00007ff9bba20000 - 0x00007ff9bbadf000 	C:\windows\System32\KERNEL32.DLL
0x00007ff9bb3d0000 - 0x00007ff9bb6c6000 	C:\windows\System32\KERNELBASE.dll
0x00007ff9bb1f0000 - 0x00007ff9bb2f0000 	C:\windows\System32\ucrtbase.dll
0x00007ff93f350000 - 0x00007ff93f365000 	C:\Program Files\Java\jdk-11.0.17\bin\VCRUNTIME140.dll
0x00007ff952450000 - 0x00007ff952468000 	C:\Program Files\Java\jdk-11.0.17\bin\jli.dll
0x00007ff9bc620000 - 0x00007ff9bc6cf000 	C:\windows\System32\ADVAPI32.dll
0x00007ff9bb980000 - 0x00007ff9bba1e000 	C:\windows\System32\msvcrt.dll
0x00007ff9bcb10000 - 0x00007ff9bcbac000 	C:\windows\System32\sechost.dll
0x00007ff9bc890000 - 0x00007ff9bc9b6000 	C:\windows\System32\RPCRT4.dll
0x00007ff9bd550000 - 0x00007ff9bd6ed000 	C:\windows\System32\USER32.dll
0x00007ff9bb3a0000 - 0x00007ff9bb3c2000 	C:\windows\System32\win32u.dll
0x00007ff9bcd70000 - 0x00007ff9bcd9c000 	C:\windows\System32\GDI32.dll
0x00007ff9bb0d0000 - 0x00007ff9bb1e5000 	C:\windows\System32\gdi32full.dll
0x00007ff9bae10000 - 0x00007ff9baead000 	C:\windows\System32\msvcp_win.dll
0x00007ff9ba1f0000 - 0x00007ff9ba48a000 	C:\windows\WinSxS\amd64_microsoft.windows.common-controls_6595b64144ccf1df_6.0.19041.1110_none_60b5254171f9507e\COMCTL32.dll
0x00007ff9b0600000 - 0x00007ff9b060a000 	C:\windows\SYSTEM32\VERSION.dll
0x00007ff9bc730000 - 0x00007ff9bc760000 	C:\windows\System32\IMM32.DLL
0x00007ff93f2b0000 - 0x00007ff93f34b000 	C:\Program Files\Java\jdk-11.0.17\bin\msvcp140.dll
0x00007ff93e790000 - 0x00007ff93f2aa000 	C:\Program Files\Java\jdk-11.0.17\bin\server\jvm.dll
0x00007ff9bbae0000 - 0x00007ff9bbae8000 	C:\windows\System32\PSAPI.DLL
0x00007ff988dc0000 - 0x00007ff988dc9000 	C:\windows\SYSTEM32\WSOCK32.dll
0x00007ff9a19d0000 - 0x00007ff9a19f7000 	C:\windows\SYSTEM32\WINMM.dll
0x00007ff9bd3c0000 - 0x00007ff9bd42b000 	C:\windows\System32\ws2_32.DLL
0x00007ff9b8fa0000 - 0x00007ff9b8fb2000 	C:\windows\SYSTEM32\kernel.appcore.dll
0x00007ff9878e0000 - 0x00007ff9878f0000 	C:\Program Files\Java\jdk-11.0.17\bin\verify.dll
0x00007ff9ba7a0000 - 0x00007ff9ba984000 	C:\windows\SYSTEM32\DBGHELP.DLL
0x00007ff9ba760000 - 0x00007ff9ba794000 	C:\windows\SYSTEM32\dbgcore.DLL
0x00007ff9baeb0000 - 0x00007ff9baf32000 	C:\windows\System32\bcryptPrimitives.dll
0x00007ff93e760000 - 0x00007ff93e788000 	C:\Program Files\Java\jdk-11.0.17\bin\java.dll
0x00007ff987700000 - 0x00007ff98770a000 	C:\Program Files\Java\jdk-11.0.17\bin\jimage.dll
0x00007ff93e740000 - 0x00007ff93e756000 	C:\Program Files\Java\jdk-11.0.17\bin\zip.dll
0x00007ff9bbb60000 - 0x00007ff9bc2a4000 	C:\windows\System32\SHELL32.dll
0x00007ff9b8540000 - 0x00007ff9b8cd4000 	C:\windows\SYSTEM32\windows.storage.dll
0x00007ff9bc2b0000 - 0x00007ff9bc604000 	C:\windows\System32\combase.dll
0x00007ff9ba070000 - 0x00007ff9ba09e000 	C:\windows\SYSTEM32\Wldp.dll
0x00007ff9bb8d0000 - 0x00007ff9bb97d000 	C:\windows\System32\SHCORE.dll
0x00007ff9bcbd0000 - 0x00007ff9bcc25000 	C:\windows\System32\shlwapi.dll
0x00007ff9bad40000 - 0x00007ff9bad65000 	C:\windows\SYSTEM32\profapi.dll
0x00007ff93e720000 - 0x00007ff93e739000 	C:\Program Files\Java\jdk-11.0.17\bin\net.dll
0x00007ff9af4e0000 - 0x00007ff9af5ea000 	C:\windows\SYSTEM32\WINHTTP.dll
0x00007ff9b9e50000 - 0x00007ff9b9eba000 	C:\windows\system32\mswsock.dll
0x00007ff93e700000 - 0x00007ff93e712000 	C:\Program Files\Java\jdk-11.0.17\bin\nio.dll
0x00007ff93e6d0000 - 0x00007ff93e6f7000 	C:\Users\pl\.gradle\native\68d5fa5c4cc2d200863cafc0d521ce42e7d3e7ee720ec0a83991735586a16f82\windows-amd64\native-platform.dll
0x00007ff9874e0000 - 0x00007ff9874e9000 	C:\Program Files\Java\jdk-11.0.17\bin\management.dll
0x00007ff9837c0000 - 0x00007ff9837cb000 	C:\Program Files\Java\jdk-11.0.17\bin\management_ext.dll
0x00007ff9bab80000 - 0x00007ff9bab98000 	C:\windows\SYSTEM32\CRYPTSP.dll
0x00007ff9b97f0000 - 0x00007ff9b9824000 	C:\windows\system32\rsaenh.dll
0x00007ff9baf40000 - 0x00007ff9baf67000 	C:\windows\System32\bcrypt.dll
0x00007ff9bad00000 - 0x00007ff9bad2e000 	C:\windows\SYSTEM32\USERENV.dll
0x00007ff9b9fe0000 - 0x00007ff9b9fec000 	C:\windows\SYSTEM32\CRYPTBASE.dll
0x00007ff9b9b60000 - 0x00007ff9b9b9c000 	C:\windows\SYSTEM32\IPHLPAPI.DLL
0x00007ff9bc610000 - 0x00007ff9bc618000 	C:\windows\System32\NSI.dll
0x00007ff9aed90000 - 0x00007ff9aeda7000 	C:\windows\SYSTEM32\dhcpcsvc6.DLL
0x00007ff9aed70000 - 0x00007ff9aed8d000 	C:\windows\SYSTEM32\dhcpcsvc.DLL
0x00007ff9b9ba0000 - 0x00007ff9b9c6a000 	C:\windows\SYSTEM32\DNSAPI.dll

dbghelp: loaded successfully - version: 4.0.5 - missing functions: none
symbol engine: initialized successfully - sym options: 0x614 - pdb path: .;C:\Program Files\Java\jdk-11.0.17\bin;C:\windows\SYSTEM32;C:\windows\WinSxS\amd64_microsoft.windows.common-controls_6595b64144ccf1df_6.0.19041.1110_none_60b5254171f9507e;C:\Program Files\Java\jdk-11.0.17\bin\server;C:\Users\pl\.gradle\native\68d5fa5c4cc2d200863cafc0d521ce42e7d3e7ee720ec0a83991735586a16f82\windows-amd64

VM Arguments:
jvm_args: -Xmx64m -Xms64m -Dorg.gradle.appname=gradlew 
java_command: org.gradle.wrapper.GradleWrapperMain tasks
java_class_path (initial): C:\Users\pl\Desktop\react-native\searchjob\android\\gradle\wrapper\gradle-wrapper.jar
Launcher Type: SUN_STANDARD

[Global flags]
     intx CICompilerCount                          = 4                                         {product} {ergonomic}
     uint ConcGCThreads                            = 2                                         {product} {ergonomic}
     uint G1ConcRefinementThreads                  = 8                                         {product} {ergonomic}
   size_t G1HeapRegionSize                         = 1048576                                   {product} {ergonomic}
    uintx GCDrainStackTargetSize                   = 64                                        {product} {ergonomic}
   size_t InitialHeapSize                          = 67108864                                  {product} {command line}
   size_t MarkStackSize                            = 4194304                                   {product} {ergonomic}
   size_t MaxHeapSize                              = 67108864                                  {product} {command line}
   size_t MaxNewSize                               = 39845888                                  {product} {ergonomic}
   size_t MinHeapDeltaBytes                        = 1048576                                   {product} {ergonomic}
    uintx NonNMethodCodeHeapSize                   = 5836300                                {pd product} {ergonomic}
    uintx NonProfiledCodeHeapSize                  = 122910970                              {pd product} {ergonomic}
    uintx ProfiledCodeHeapSize                     = 122910970                              {pd product} {ergonomic}
    uintx ReservedCodeCacheSize                    = 251658240                              {pd product} {ergonomic}
     bool SegmentedCodeCache                       = true                                      {product} {ergonomic}
     bool UseCompressedClassPointers               = true                                 {lp64_product} {ergonomic}
     bool UseCompressedOops                        = true                                 {lp64_product} {ergonomic}
     bool UseG1GC                                  = true                                      {product} {ergonomic}
     bool UseLargePagesIndividualAllocation        = false                                  {pd product} {ergonomic}

Logging:
Log output configuration:
 #0: stdout all=warning uptime,level,tags
 #1: stderr all=off uptime,level,tags

Environment Variables:
JAVA_HOME=C:\Program Files\Java\jdk-11.0.17
CLASSPATH=C:\Users\pl\Desktop\react-native\searchjob\android\\gradle\wrapper\gradle-wrapper.jar
PATH=C:\Users\pl\Desktop\react-native\searchjob\node_modules\.bin;C:\Users\pl\Desktop\react-native\node_modules\.bin;C:\Users\pl\Desktop\node_modules\.bin;C:\Users\pl\node_modules\.bin;C:\Users\node_modules\.bin;C:\node_modules\.bin;C:\Users\pl\AppData\Roaming\npm\node_modules\npm\node_modules\@npmcli\run-script\lib\node-gyp-bin;C:\Program Files\Common Files\Oracle\Java\javapath;C:\windows\system32;C:\windows;C:\windows\System32\Wbem;C:\windows\System32\WindowsPowerShell\v1.0\;C:\windows\System32\OpenSSH\;C:\Program Files\nodejs\;C:\Users\pl\AppData\Local\Android\Sdk\platform-tools;C:\Program Files\MongoDB\Server\6.0\bin;C:\Users\pl\anaconda3;C:\Users\pl\anaconda3\Library\mingw-w64\bin;C:\Users\pl\anaconda3\Library\usr\bin;C:\Users\pl\anaconda3\Library\bin;C:\Users\pl\anaconda3\Scripts;C:\Users\pl\AppData\Local\Programs\Python\Python311\Scripts\;C:\Users\pl\AppData\Local\Programs\Python\Python311\;C:\Users\pl\AppData\Local\Microsoft\WindowsApps;C:\Users\pl\AppData\Roaming\npm;C:\Users\pl\AppData\Local\GitHubDesktop\bin;C:\Users\pl\AppData\Local\Android\Sdk\platform-tools;C:\Users\pl\AppData\Local\Android\Sdk;C:\Program Files\Android\Android Studio\bin;C:\Users\pl\AppData\Local\Programs\Microsoft VS Code\bin
USERNAME=pl
OS=Windows_NT
PROCESSOR_IDENTIFIER=Intel64 Family 6 Model 142 Stepping 10, GenuineIntel



---------------  S Y S T E M  ---------------

OS: Windows 10 , 64 bit Build 19041 (10.0.19041.3155)
Hyper-V role detected

CPU:total 8 (initial active 8) (4 cores per cpu, 2 threads per core) family 6 model 142 stepping 10 microcode 0xf4, cmov, cx8, fxsr, mmx, sse, sse2, sse3, ssse3, sse4.1, sse4.2, popcnt, avx, avx2, aes, clmul, erms, rtm, 3dnowpref, lzcnt, ht, tsc, tscinvbit, bmi1, bmi2, adx, fma

Memory: 4k page, system-wide physical 8035M (1157M free)
TotalPageFile size 10083M (AvailPageFile size 0M)
current process WorkingSet (physical memory assigned to process): 90M, peak: 90M
current process commit charge ("private bytes"): 163M, peak: 164M

vm_info: Java HotSpot(TM) 64-Bit Server VM (11.0.17+10-LTS-269) for windows-amd64 JRE (11.0.17+10-LTS-269), built on Sep 13 2022 19:26:37 by "mach5one" with MS VC++ 15.9 (VS2017)

END.
