#
# There is insufficient memory for the Java Runtime Environment to continue.
# Native memory allocation (malloc) failed to allocate 1078096 bytes for Chunk::new
# Possible reasons:
#   The system is out of physical RAM or swap space
#   The process is running with CompressedOops enabled, and the Java Heap may be blocking the growth of the native heap
# Possible solutions:
#   Reduce memory load on the system
#   Increase physical memory or swap space
#   Check if swap backing store is full
#   Decrease Java heap size (-Xmx/-Xms)
#   Decrease number of Java threads
#   Decrease Java thread stack sizes (-Xss)
#   Set larger code cache with -XX:ReservedCodeCacheSize=
#   JVM is running with Unscaled Compressed Oops mode in which the Java heap is
#     placed in the first 4GB address space. The Java Heap base address is the
#     maximum limit for the native heap growth. Please use -XX:HeapBaseMinAddress
#     to set the Java Heap base and to place the Java Heap above 4GB virtual address.
# This output file may be truncated or incomplete.
#
#  Out of Memory Error (./open/src/hotspot/share/memory/arena.cpp:197), pid=8352, tid=5904
#
# JRE version: Java(TM) SE Runtime Environment 18.9 (11.0.17+10) (build 11.0.17+10-LTS-269)
# Java VM: Java HotSpot(TM) 64-Bit Server VM 18.9 (11.0.17+10-LTS-269, mixed mode, tiered, compressed oops, g1 gc, windows-amd64)
# No core dump will be written. Minidumps are not enabled by default on client versions of Windows
#

---------------  S U M M A R Y ------------

Command Line: -XX:MaxMetaspaceSize=512m --add-opens=java.base/java.util=ALL-UNNAMED --add-opens=java.base/java.lang=ALL-UNNAMED --add-opens=java.base/java.lang.invoke=ALL-UNNAMED --add-opens=java.prefs/java.util.prefs=ALL-UNNAMED --add-opens=java.base/java.nio.charset=ALL-UNNAMED --add-opens=java.base/java.net=ALL-UNNAMED --add-opens=java.base/java.util.concurrent.atomic=ALL-UNNAMED -Xmx2048m -Dfile.encoding=windows-1252 -Duser.country=US -Duser.language=en -Duser.variant org.gradle.launcher.daemon.bootstrap.GradleDaemon 8.0.1

Host: Intel(R) Core(TM) i7-8650U CPU @ 1.90GHz, 8 cores, 7G,  Windows 10 , 64 bit Build 19041 (10.0.19041.3155)
Time: Sun Jul 30 11:14:57 2023 Morocco Daylight Time elapsed time: 207.991630 seconds (0d 0h 3m 27s)

---------------  T H R E A D  ---------------

Current thread (0x000001e54b1ed800):  JavaThread "C2 CompilerThread0" daemon [_thread_in_native, id=5904, stack(0x0000005fffb00000,0x0000005fffc00000)]


Current CompileTask:
C2: 207991 16104       4       org.gradle.api.internal.artifacts.ivyservice.resolveengine.graph.builder.DependencyGraphBuilder::performSelectionSerially (121 bytes)

Stack: [0x0000005fffb00000,0x0000005fffc00000]
Native frames: (J=compiled Java code, j=interpreted, Vv=VM code, C=native code)
V  [jvm.dll+0x62b5da]
V  [jvm.dll+0x7653df]
V  [jvm.dll+0x766a89]
V  [jvm.dll+0x767113]
V  [jvm.dll+0x23dd28]
V  [jvm.dll+0xb2a1c]
V  [jvm.dll+0xb2fdc]
V  [jvm.dll+0x2aeaa4]
V  [jvm.dll+0x53e83b]
V  [jvm.dll+0x200b17]
V  [jvm.dll+0x1fa89a]
V  [jvm.dll+0x1f77dd]
V  [jvm.dll+0x177c91]
V  [jvm.dll+0x207296]
V  [jvm.dll+0x20542b]
V  [jvm.dll+0x72b2c0]
V  [jvm.dll+0x723e64]
V  [jvm.dll+0x62a485]
C  [ucrtbase.dll+0x21bb2]
C  [KERNEL32.DLL+0x17614]
C  [ntdll.dll+0x526b1]


---------------  P R O C E S S  ---------------

Threads class SMR info:
_java_thread_list=0x000001e558cb9c00, length=135, elements={
0x000001e52d17b000, 0x000001e54b1cc800, 0x000001e54b1d6000, 0x000001e54b1e7000,
0x000001e54b1e8000, 0x000001e54b1ea800, 0x000001e54b1ed800, 0x000001e54b1ee800,
0x000001e54b1f8000, 0x000001e54bcc2800, 0x000001e54dc58000, 0x000001e54d9da800,
0x000001e54cdf5000, 0x000001e54e23e800, 0x000001e54d0e1800, 0x000001e54c77c000,
0x000001e54c77f800, 0x000001e54c77d000, 0x000001e54c77e000, 0x000001e54c77a000,
0x000001e54c77b800, 0x000001e54c745800, 0x000001e54c747000, 0x000001e54c748000,
0x000001e54c744000, 0x000001e54c74c000, 0x000001e54c74d000, 0x000001e54c74d800,
0x000001e54c750000, 0x000001e54c74f000, 0x000001e54c751000, 0x000001e550a32000,
0x000001e550a39800, 0x000001e550a39000, 0x000001e550a34800, 0x000001e550a33000,
0x000001e550a34000, 0x000001e550a36800, 0x000001e550a37000, 0x000001e550a3a800,
0x000001e550a3b000, 0x000001e550a35800, 0x000001e550a3d000, 0x000001e550a41000,
0x000001e550a3c000, 0x000001e550a3f800, 0x000001e550a3d800, 0x000001e550a3e800,
0x000001e550a40000, 0x000001e5535db800, 0x000001e5535d6000, 0x000001e5535d7000,
0x000001e5535dc800, 0x000001e5535da000, 0x000001e5535dd800, 0x000001e5535d7800,
0x000001e5535d8800, 0x000001e5535df000, 0x000001e5535d9000, 0x000001e5535db000,
0x000001e5535e1800, 0x000001e5535e2000, 0x000001e5535e3000, 0x000001e54c748800,
0x000001e54c74a800, 0x000001e54c744800, 0x000001e54c74e800, 0x000001e54c74b000,
0x000001e54c751800, 0x000001e54c752800, 0x000001e54c77a800, 0x000001e54c779000,
0x000001e54c77e800, 0x000001e551626800, 0x000001e551621000, 0x000001e551627800,
0x000001e551625000, 0x000001e551621800, 0x000001e551624000, 0x000001e551628000,
0x000001e551625800, 0x000001e551622800, 0x000001e551629000, 0x000001e551623800,
0x000001e55162c800, 0x000001e55162d000, 0x000001e55162a000, 0x000001e55162e000,
0x000001e55162b800, 0x000001e55162f800, 0x000001e55162e800, 0x000001e55162a800,
0x000001e54e430800, 0x000001e54e42f800, 0x000001e54e431000, 0x000001e54e42c000,
0x000001e54e42d000, 0x000001e54e42b800, 0x000001e54e42e000, 0x000001e54e42e800,
0x000001e54e432000, 0x000001e54c79b800, 0x000001e54c79b000, 0x000001e54c7a0000,
0x000001e54c79d800, 0x000001e54c79f000, 0x000001e54c79c800, 0x000001e54c79e000,
0x000001e54c79a000, 0x000001e54c7a5800, 0x000001e54c7a0800, 0x000001e54c7a6800,
0x000001e54c7a1800, 0x000001e54c7a7000, 0x000001e54c7a8000, 0x000001e54c7a2800,
0x000001e54c7a9000, 0x000001e54c7a3000, 0x000001e54c7a4000, 0x000001e54c7a4800,
0x000001e556193800, 0x000001e556192800, 0x000001e556194800, 0x000001e556192000,
0x000001e556190800, 0x000001e556191000, 0x000001e55618e800, 0x000001e556195000,
0x000001e55618f800, 0x000001e556197800, 0x000001e55619b000, 0x000001e556196000,
0x000001e55619b800, 0x000001e556197000, 0x000001e5588f9000
}

Java Threads: ( => current thread )
  0x000001e52d17b000 JavaThread "main" [_thread_blocked, id=5480, stack(0x0000005ffef00000,0x0000005fff000000)]
  0x000001e54b1cc800 JavaThread "Reference Handler" daemon [_thread_blocked, id=10956, stack(0x0000005fff600000,0x0000005fff700000)]
  0x000001e54b1d6000 JavaThread "Finalizer" daemon [_thread_blocked, id=2624, stack(0x0000005fff700000,0x0000005fff800000)]
  0x000001e54b1e7000 JavaThread "Signal Dispatcher" daemon [_thread_blocked, id=13752, stack(0x0000005fff800000,0x0000005fff900000)]
  0x000001e54b1e8000 JavaThread "Attach Listener" daemon [_thread_blocked, id=14304, stack(0x0000005fff900000,0x0000005fffa00000)]
  0x000001e54b1ea800 JavaThread "Service Thread" daemon [_thread_blocked, id=792, stack(0x0000005fffa00000,0x0000005fffb00000)]
=>0x000001e54b1ed800 JavaThread "C2 CompilerThread0" daemon [_thread_in_native, id=5904, stack(0x0000005fffb00000,0x0000005fffc00000)]
  0x000001e54b1ee800 JavaThread "C1 CompilerThread0" daemon [_thread_blocked, id=5932, stack(0x0000005fffc00000,0x0000005fffd00000)]
  0x000001e54b1f8000 JavaThread "Sweeper thread" daemon [_thread_blocked, id=12696, stack(0x0000005fffd00000,0x0000005fffe00000)]
  0x000001e54bcc2800 JavaThread "Common-Cleaner" daemon [_thread_blocked, id=12576, stack(0x0000005fffe00000,0x0000005ffff00000)]
  0x000001e54dc58000 JavaThread "Daemon health stats" [_thread_blocked, id=11172, stack(0x0000005f80000000,0x0000005f80100000)]
  0x000001e54d9da800 JavaThread "Incoming local TCP Connector on port 59938" [_thread_in_native, id=3616, stack(0x0000005f80300000,0x0000005f80400000)]
  0x000001e54cdf5000 JavaThread "Daemon periodic checks" [_thread_blocked, id=4604, stack(0x0000005f80400000,0x0000005f80500000)]
  0x000001e54e23e800 JavaThread "Daemon" [_thread_blocked, id=14732, stack(0x0000005f80500000,0x0000005f80600000)]
  0x000001e54d0e1800 JavaThread "Daemon worker" [_thread_in_Java, id=11968, stack(0x0000005f80800000,0x0000005f80900000)]
  0x000001e54c77c000 JavaThread "Cache worker for journal cache (C:\Users\pl\.gradle\caches\journal-1)" [_thread_blocked, id=8208, stack(0x0000005f81100000,0x0000005f81200000)]
  0x000001e54c77f800 JavaThread "File lock request listener" [_thread_in_native, id=6192, stack(0x0000005f81200000,0x0000005f81300000)]
  0x000001e54c77d000 JavaThread "Cache worker for file hash cache (C:\Users\pl\.gradle\caches\8.0.1\fileHashes)" [_thread_blocked, id=1620, stack(0x0000005f81400000,0x0000005f81500000)]
  0x000001e54c77e000 JavaThread "File watcher server" daemon [_thread_in_native, id=12404, stack(0x0000005f81500000,0x0000005f81600000)]
  0x000001e54c77a000 JavaThread "File watcher consumer" daemon [_thread_blocked, id=5648, stack(0x0000005f81600000,0x0000005f81700000)]
  0x000001e54c77b800 JavaThread "Cache worker for file content cache (C:\Users\pl\.gradle\caches\8.0.1\fileContent)" [_thread_blocked, id=9900, stack(0x0000005f81900000,0x0000005f81a00000)]
  0x000001e54c745800 JavaThread "Cache worker for execution history cache (C:\Users\pl\.gradle\caches\8.0.1\executionHistory)" [_thread_blocked, id=2712, stack(0x0000005f81c00000,0x0000005f81d00000)]
  0x000001e54c747000 JavaThread "jar transforms" [_thread_blocked, id=5960, stack(0x0000005f81d00000,0x0000005f81e00000)]
  0x000001e54c748000 JavaThread "jar transforms Thread 2" [_thread_blocked, id=10600, stack(0x0000005f81e00000,0x0000005f81f00000)]
  0x000001e54c744000 JavaThread "jar transforms Thread 3" [_thread_blocked, id=11916, stack(0x0000005f82000000,0x0000005f82100000)]
  0x000001e54c74c000 JavaThread "jar transforms Thread 4" [_thread_blocked, id=14864, stack(0x0000005f82100000,0x0000005f82200000)]
  0x000001e54c74d000 JavaThread "File lock release action executor" [_thread_blocked, id=9520, stack(0x0000005f81f00000,0x0000005f82000000)]
  0x000001e54c74d800 JavaThread "Cache worker for kotlin-dsl (C:\Users\pl\.gradle\caches\8.0.1\kotlin-dsl)" [_thread_blocked, id=8044, stack(0x0000005f82500000,0x0000005f82600000)]
  0x000001e54c750000 JavaThread "jar transforms Thread 5" [_thread_blocked, id=12504, stack(0x0000005f82600000,0x0000005f82700000)]
  0x000001e54c74f000 JavaThread "jar transforms Thread 6" [_thread_blocked, id=6288, stack(0x0000005f82700000,0x0000005f82800000)]
  0x000001e54c751000 JavaThread "jar transforms Thread 7" [_thread_blocked, id=10188, stack(0x0000005f82a00000,0x0000005f82b00000)]
  0x000001e550a32000 JavaThread "jar transforms Thread 8" [_thread_blocked, id=6812, stack(0x0000005f84400000,0x0000005f84500000)]
  0x000001e550a39800 JavaThread "Memory manager" [_thread_blocked, id=10756, stack(0x0000005f84600000,0x0000005f84700000)]
  0x000001e550a39000 JavaThread "Handler for socket connection from /127.0.0.1:59938 to /127.0.0.1:60139" [_thread_in_native, id=3820, stack(0x0000005f80600000,0x0000005f80700000)]
  0x000001e550a34800 JavaThread "Cancel handler" [_thread_blocked, id=5532, stack(0x0000005f80700000,0x0000005f80800000)]
  0x000001e550a33000 JavaThread "Asynchronous log dispatcher for DefaultDaemonConnection: socket connection from /127.0.0.1:59938 to /127.0.0.1:60139" [_thread_blocked, id=1112, stack(0x0000005f80900000,0x0000005f80a00000)]
  0x000001e550a34000 JavaThread "Stdin handler" [_thread_blocked, id=15044, stack(0x0000005f80a00000,0x0000005f80b00000)]
  0x000001e550a36800 JavaThread "Daemon client event forwarder" [_thread_blocked, id=2468, stack(0x0000005f80b00000,0x0000005f80c00000)]
  0x000001e550a37000 JavaThread "Cache worker for checksums cache (C:\Users\pl\Desktop\react-native\searchjob\android\.gradle\8.0.1\checksums)" [_thread_blocked, id=11720, stack(0x0000005f81800000,0x0000005f81900000)]
  0x000001e550a3a800 JavaThread "Cache worker for cache directory md-rule (C:\Users\pl\.gradle\caches\8.0.1\md-rule)" [_thread_blocked, id=11196, stack(0x0000005f81a00000,0x0000005f81b00000)]
  0x000001e550a3b000 JavaThread "Cache worker for file hash cache (C:\Users\pl\Desktop\react-native\searchjob\android\.gradle\8.0.1\fileHashes)" [_thread_blocked, id=5204, stack(0x0000005f81b00000,0x0000005f81c00000)]
  0x000001e550a35800 JavaThread "Cache worker for cache directory md-supplier (C:\Users\pl\.gradle\caches\8.0.1\md-supplier)" [_thread_blocked, id=8132, stack(0x0000005f82200000,0x0000005f82300000)]
  0x000001e550a3d000 JavaThread "Cache worker for dependencies-accessors (C:\Users\pl\Desktop\react-native\searchjob\android\.gradle\8.0.1\dependencies-accessors)" [_thread_blocked, id=13896, stack(0x0000005f81700000,0x0000005f81800000)]
  0x000001e550a41000 JavaThread "Cache worker for Build Output Cleanup Cache (C:\Users\pl\Desktop\react-native\searchjob\node_modules\@react-native\gradle-plugin\.gradle\buildOutputCleanup)" [_thread_blocked, id=8332, stack(0x0000005f82300000,0x0000005f82400000)]
  0x000001e550a3c000 JavaThread "Unconstrained build operations" [_thread_blocked, id=3952, stack(0x0000005f82400000,0x0000005f82500000)]
  0x000001e550a3f800 JavaThread "Unconstrained build operations Thread 2" [_thread_blocked, id=8232, stack(0x0000005f82800000,0x0000005f82900000)]
  0x000001e550a3d800 JavaThread "Unconstrained build operations Thread 3" [_thread_blocked, id=12480, stack(0x0000005f82900000,0x0000005f82a00000)]
  0x000001e550a3e800 JavaThread "Unconstrained build operations Thread 4" [_thread_blocked, id=9736, stack(0x0000005f82b00000,0x0000005f82c00000)]
  0x000001e550a40000 JavaThread "Unconstrained build operations Thread 5" [_thread_blocked, id=15308, stack(0x0000005f82c00000,0x0000005f82d00000)]
  0x000001e5535db800 JavaThread "Unconstrained build operations Thread 6" [_thread_blocked, id=10100, stack(0x0000005f82d00000,0x0000005f82e00000)]
  0x000001e5535d6000 JavaThread "Unconstrained build operations Thread 7" [_thread_blocked, id=14916, stack(0x0000005f82e00000,0x0000005f82f00000)]
  0x000001e5535d7000 JavaThread "Unconstrained build operations Thread 8" [_thread_blocked, id=1916, stack(0x0000005f82f00000,0x0000005f83000000)]
  0x000001e5535dc800 JavaThread "Unconstrained build operations Thread 9" [_thread_blocked, id=14584, stack(0x0000005f83000000,0x0000005f83100000)]
  0x000001e5535da000 JavaThread "Unconstrained build operations Thread 10" [_thread_blocked, id=10904, stack(0x0000005f83100000,0x0000005f83200000)]
  0x000001e5535dd800 JavaThread "Unconstrained build operations Thread 11" [_thread_blocked, id=14628, stack(0x0000005f83200000,0x0000005f83300000)]
  0x000001e5535d7800 JavaThread "Unconstrained build operations Thread 12" [_thread_blocked, id=8580, stack(0x0000005f83300000,0x0000005f83400000)]
  0x000001e5535d8800 JavaThread "Unconstrained build operations Thread 13" [_thread_blocked, id=2724, stack(0x0000005f83400000,0x0000005f83500000)]
  0x000001e5535df000 JavaThread "Unconstrained build operations Thread 14" [_thread_blocked, id=5588, stack(0x0000005f83500000,0x0000005f83600000)]
  0x000001e5535d9000 JavaThread "Unconstrained build operations Thread 15" [_thread_blocked, id=13060, stack(0x0000005f83600000,0x0000005f83700000)]
  0x000001e5535db000 JavaThread "Unconstrained build operations Thread 16" [_thread_blocked, id=11776, stack(0x0000005f83700000,0x0000005f83800000)]
  0x000001e5535e1800 JavaThread "Unconstrained build operations Thread 17" [_thread_blocked, id=2444, stack(0x0000005f83800000,0x0000005f83900000)]
  0x000001e5535e2000 JavaThread "Unconstrained build operations Thread 18" [_thread_blocked, id=3036, stack(0x0000005f83900000,0x0000005f83a00000)]
  0x000001e5535e3000 JavaThread "Unconstrained build operations Thread 19" [_thread_blocked, id=13004, stack(0x0000005f83a00000,0x0000005f83b00000)]
  0x000001e54c748800 JavaThread "Unconstrained build operations Thread 20" [_thread_blocked, id=14664, stack(0x0000005f83b00000,0x0000005f83c00000)]
  0x000001e54c74a800 JavaThread "Unconstrained build operations Thread 21" [_thread_blocked, id=4208, stack(0x0000005f83c00000,0x0000005f83d00000)]
  0x000001e54c744800 JavaThread "Unconstrained build operations Thread 22" [_thread_blocked, id=1688, stack(0x0000005f83d00000,0x0000005f83e00000)]
  0x000001e54c74e800 JavaThread "Unconstrained build operations Thread 23" [_thread_blocked, id=6908, stack(0x0000005f83e00000,0x0000005f83f00000)]
  0x000001e54c74b000 JavaThread "Unconstrained build operations Thread 24" [_thread_blocked, id=12784, stack(0x0000005f83f00000,0x0000005f84000000)]
  0x000001e54c751800 JavaThread "Unconstrained build operations Thread 25" [_thread_blocked, id=12472, stack(0x0000005f84000000,0x0000005f84100000)]
  0x000001e54c752800 JavaThread "Unconstrained build operations Thread 26" [_thread_blocked, id=1196, stack(0x0000005f84100000,0x0000005f84200000)]
  0x000001e54c77a800 JavaThread "Cache worker for Build Output Cleanup Cache (C:\Users\pl\Desktop\react-native\searchjob\android\.gradle\buildOutputCleanup)" [_thread_blocked, id=10276, stack(0x0000005f84200000,0x0000005f84300000)]
  0x000001e54c779000 JavaThread "included builds" [_thread_blocked, id=8248, stack(0x0000005f84300000,0x0000005f84400000)]
  0x000001e54c77e800 JavaThread "Execution worker" [_thread_blocked, id=2864, stack(0x0000005f84500000,0x0000005f84600000)]
  0x000001e551626800 JavaThread "Execution worker Thread 2" [_thread_blocked, id=5876, stack(0x0000005f84700000,0x0000005f84800000)]
  0x000001e551621000 JavaThread "Execution worker Thread 3" [_thread_blocked, id=14604, stack(0x0000005f84900000,0x0000005f84a00000)]
  0x000001e551627800 JavaThread "Execution worker Thread 4" [_thread_blocked, id=8772, stack(0x0000005f84a00000,0x0000005f84b00000)]
  0x000001e551625000 JavaThread "Execution worker Thread 5" [_thread_blocked, id=5164, stack(0x0000005f84b00000,0x0000005f84c00000)]
  0x000001e551621800 JavaThread "Execution worker Thread 6" [_thread_blocked, id=10000, stack(0x0000005f84c00000,0x0000005f84d00000)]
  0x000001e551624000 JavaThread "Execution worker Thread 7" [_thread_blocked, id=9776, stack(0x0000005f84d00000,0x0000005f84e00000)]
  0x000001e551628000 JavaThread "Cache worker for execution history cache (C:\Users\pl\Desktop\react-native\searchjob\node_modules\@react-native\gradle-plugin\.gradle\8.0.1\executionHistory)" [_thread_blocked, id=10272, stack(0x0000005f84e00000,0x0000005f84f00000)]
  0x000001e551625800 JavaThread "Unconstrained build operations Thread 27" [_thread_blocked, id=7632, stack(0x0000005f84f00000,0x0000005f85000000)]
  0x000001e551622800 JavaThread "Unconstrained build operations Thread 28" [_thread_blocked, id=14884, stack(0x0000005f85000000,0x0000005f85100000)]
  0x000001e551629000 JavaThread "Unconstrained build operations Thread 29" [_thread_blocked, id=15164, stack(0x0000005f85100000,0x0000005f85200000)]
  0x000001e551623800 JavaThread "Unconstrained build operations Thread 30" [_thread_blocked, id=12148, stack(0x0000005f85200000,0x0000005f85300000)]
  0x000001e55162c800 JavaThread "Unconstrained build operations Thread 31" [_thread_blocked, id=14416, stack(0x0000005f85300000,0x0000005f85400000)]
  0x000001e55162d000 JavaThread "Unconstrained build operations Thread 32" [_thread_blocked, id=14768, stack(0x0000005f85400000,0x0000005f85500000)]
  0x000001e55162a000 JavaThread "Unconstrained build operations Thread 33" [_thread_blocked, id=11508, stack(0x0000005f85500000,0x0000005f85600000)]
  0x000001e55162e000 JavaThread "Unconstrained build operations Thread 34" [_thread_blocked, id=11144, stack(0x0000005f85600000,0x0000005f85700000)]
  0x000001e55162b800 JavaThread "Unconstrained build operations Thread 35" [_thread_blocked, id=12356, stack(0x0000005f85700000,0x0000005f85800000)]
  0x000001e55162f800 JavaThread "Unconstrained build operations Thread 36" [_thread_blocked, id=3500, stack(0x0000005f85800000,0x0000005f85900000)]
  0x000001e55162e800 JavaThread "Unconstrained build operations Thread 37" [_thread_blocked, id=3028, stack(0x0000005f85900000,0x0000005f85a00000)]
  0x000001e55162a800 JavaThread "Unconstrained build operations Thread 38" [_thread_blocked, id=8516, stack(0x0000005f85a00000,0x0000005f85b00000)]
  0x000001e54e430800 JavaThread "Unconstrained build operations Thread 39" [_thread_blocked, id=8708, stack(0x0000005f85b00000,0x0000005f85c00000)]
  0x000001e54e42f800 JavaThread "Unconstrained build operations Thread 40" [_thread_blocked, id=4124, stack(0x0000005f85c00000,0x0000005f85d00000)]
  0x000001e54e431000 JavaThread "Unconstrained build operations Thread 41" [_thread_blocked, id=13772, stack(0x0000005f85d00000,0x0000005f85e00000)]
  0x000001e54e42c000 JavaThread "Unconstrained build operations Thread 42" [_thread_blocked, id=10568, stack(0x0000005f85e00000,0x0000005f85f00000)]
  0x000001e54e42d000 JavaThread "Unconstrained build operations Thread 43" [_thread_blocked, id=4216, stack(0x0000005f85f00000,0x0000005f86000000)]
  0x000001e54e42b800 JavaThread "Unconstrained build operations Thread 44" [_thread_blocked, id=11340, stack(0x0000005f86000000,0x0000005f86100000)]
  0x000001e54e42e000 JavaThread "Unconstrained build operations Thread 45" [_thread_blocked, id=11980, stack(0x0000005f86100000,0x0000005f86200000)]
  0x000001e54e42e800 JavaThread "Unconstrained build operations Thread 46" [_thread_blocked, id=6196, stack(0x0000005f86200000,0x0000005f86300000)]
  0x000001e54e432000 JavaThread "Unconstrained build operations Thread 47" [_thread_blocked, id=8928, stack(0x0000005f86300000,0x0000005f86400000)]
  0x000001e54c79b800 JavaThread "Unconstrained build operations Thread 48" [_thread_blocked, id=7248, stack(0x0000005f86400000,0x0000005f86500000)]
  0x000001e54c79b000 JavaThread "Unconstrained build operations Thread 49" [_thread_blocked, id=12992, stack(0x0000005f86500000,0x0000005f86600000)]
  0x000001e54c7a0000 JavaThread "Unconstrained build operations Thread 50" [_thread_blocked, id=5548, stack(0x0000005f86600000,0x0000005f86700000)]
  0x000001e54c79d800 JavaThread "Unconstrained build operations Thread 51" [_thread_blocked, id=8448, stack(0x0000005f86700000,0x0000005f86800000)]
  0x000001e54c79f000 JavaThread "Unconstrained build operations Thread 52" [_thread_blocked, id=13760, stack(0x0000005f86800000,0x0000005f86900000)]
  0x000001e54c79c800 JavaThread "Unconstrained build operations Thread 53" [_thread_blocked, id=3840, stack(0x0000005f86900000,0x0000005f86a00000)]
  0x000001e54c79e000 JavaThread "Unconstrained build operations Thread 54" [_thread_blocked, id=12580, stack(0x0000005f86a00000,0x0000005f86b00000)]
  0x000001e54c79a000 JavaThread "Unconstrained build operations Thread 55" [_thread_blocked, id=7056, stack(0x0000005f86b00000,0x0000005f86c00000)]
  0x000001e54c7a5800 JavaThread "Unconstrained build operations Thread 56" [_thread_blocked, id=10552, stack(0x0000005f86c00000,0x0000005f86d00000)]
  0x000001e54c7a0800 JavaThread "Unconstrained build operations Thread 57" [_thread_blocked, id=13784, stack(0x0000005f86d00000,0x0000005f86e00000)]
  0x000001e54c7a6800 JavaThread "Unconstrained build operations Thread 58" [_thread_blocked, id=13364, stack(0x0000005f86e00000,0x0000005f86f00000)]
  0x000001e54c7a1800 JavaThread "Unconstrained build operations Thread 59" [_thread_blocked, id=9792, stack(0x0000005f86f00000,0x0000005f87000000)]
  0x000001e54c7a7000 JavaThread "Unconstrained build operations Thread 60" [_thread_blocked, id=13780, stack(0x0000005f87000000,0x0000005f87100000)]
  0x000001e54c7a8000 JavaThread "Unconstrained build operations Thread 61" [_thread_blocked, id=10224, stack(0x0000005f87100000,0x0000005f87200000)]
  0x000001e54c7a2800 JavaThread "Unconstrained build operations Thread 62" [_thread_blocked, id=13524, stack(0x0000005f87200000,0x0000005f87300000)]
  0x000001e54c7a9000 JavaThread "Unconstrained build operations Thread 63" [_thread_blocked, id=5988, stack(0x0000005f87300000,0x0000005f87400000)]
  0x000001e54c7a3000 JavaThread "Unconstrained build operations Thread 64" [_thread_blocked, id=8112, stack(0x0000005f87400000,0x0000005f87500000)]
  0x000001e54c7a4000 JavaThread "Unconstrained build operations Thread 65" [_thread_blocked, id=6440, stack(0x0000005f87500000,0x0000005f87600000)]
  0x000001e54c7a4800 JavaThread "Unconstrained build operations Thread 66" [_thread_blocked, id=7708, stack(0x0000005f87600000,0x0000005f87700000)]
  0x000001e556193800 JavaThread "Unconstrained build operations Thread 67" [_thread_blocked, id=12960, stack(0x0000005f87700000,0x0000005f87800000)]
  0x000001e556192800 JavaThread "Unconstrained build operations Thread 68" [_thread_blocked, id=8724, stack(0x0000005f87800000,0x0000005f87900000)]
  0x000001e556194800 JavaThread "Unconstrained build operations Thread 69" [_thread_blocked, id=15144, stack(0x0000005f87900000,0x0000005f87a00000)]
  0x000001e556192000 JavaThread "Unconstrained build operations Thread 70" [_thread_blocked, id=8276, stack(0x0000005f87a00000,0x0000005f87b00000)]
  0x000001e556190800 JavaThread "Unconstrained build operations Thread 71" [_thread_blocked, id=7396, stack(0x0000005f87b00000,0x0000005f87c00000)]
  0x000001e556191000 JavaThread "Unconstrained build operations Thread 72" [_thread_blocked, id=13100, stack(0x0000005f87c00000,0x0000005f87d00000)]
  0x000001e55618e800 JavaThread "Unconstrained build operations Thread 73" [_thread_blocked, id=11960, stack(0x0000005f87d00000,0x0000005f87e00000)]
  0x000001e556195000 JavaThread "Unconstrained build operations Thread 74" [_thread_blocked, id=2484, stack(0x0000005f87e00000,0x0000005f87f00000)]
  0x000001e55618f800 JavaThread "Unconstrained build operations Thread 75" [_thread_blocked, id=11360, stack(0x0000005f87f00000,0x0000005f88000000)]
  0x000001e556197800 JavaThread "Unconstrained build operations Thread 76" [_thread_blocked, id=10996, stack(0x0000005f88000000,0x0000005f88100000)]
  0x000001e55619b000 JavaThread "Unconstrained build operations Thread 77" [_thread_blocked, id=10180, stack(0x0000005f88100000,0x0000005f88200000)]
  0x000001e556196000 JavaThread "Unconstrained build operations Thread 78" [_thread_blocked, id=7284, stack(0x0000005f88200000,0x0000005f88300000)]
  0x000001e55619b800 JavaThread "Unconstrained build operations Thread 79" [_thread_blocked, id=12076, stack(0x0000005f88300000,0x0000005f88400000)]
  0x000001e556197000 JavaThread "Unconstrained build operations Thread 80" [_thread_blocked, id=7484, stack(0x0000005f88400000,0x0000005f88500000)]
  0x000001e5588f9000 JavaThread "C2 CompilerThread1" daemon [_thread_blocked, id=10380, stack(0x0000005f84800000,0x0000005f84900000)]

Other Threads:
  0x000001e54b1ca000 VMThread "VM Thread" [stack: 0x0000005fff500000,0x0000005fff600000] [id=14452]
  0x000001e54bcf5800 WatcherThread [stack: 0x0000005ffff00000,0x0000006000000000] [id=3428]
  0x000001e52d191000 GCTaskThread "GC Thread#0" [stack: 0x0000005fff000000,0x0000005fff100000] [id=15172]
  0x000001e54ced3000 GCTaskThread "GC Thread#1" [stack: 0x0000005f80100000,0x0000005f80200000] [id=4684]
  0x000001e54caa9000 GCTaskThread "GC Thread#2" [stack: 0x0000005f80200000,0x0000005f80300000] [id=13952]
  0x000001e54c8ed800 GCTaskThread "GC Thread#3" [stack: 0x0000005f80c00000,0x0000005f80d00000] [id=14688]
  0x000001e54ca71800 GCTaskThread "GC Thread#4" [stack: 0x0000005f80d00000,0x0000005f80e00000] [id=14656]
  0x000001e54d4dd000 GCTaskThread "GC Thread#5" [stack: 0x0000005f80e00000,0x0000005f80f00000] [id=9356]
  0x000001e54d546000 GCTaskThread "GC Thread#6" [stack: 0x0000005f80f00000,0x0000005f81000000] [id=8764]
  0x000001e54d547000 GCTaskThread "GC Thread#7" [stack: 0x0000005f81000000,0x0000005f81100000] [id=6764]
  0x000001e52d1c5800 ConcurrentGCThread "G1 Main Marker" [stack: 0x0000005fff100000,0x0000005fff200000] [id=11016]
  0x000001e52d1c6800 ConcurrentGCThread "G1 Conc#0" [stack: 0x0000005fff200000,0x0000005fff300000] [id=5384]
  0x000001e54d4f6800 ConcurrentGCThread "G1 Conc#1" [stack: 0x0000005f81300000,0x0000005f81400000] [id=10744]
  0x000001e52d255000 ConcurrentGCThread "G1 Refine#0" [stack: 0x0000005fff300000,0x0000005fff400000] [id=7552]
  0x000001e54b030800 ConcurrentGCThread "G1 Young RemSet Sampling" [stack: 0x0000005fff400000,0x0000005fff500000] [id=15100]

Threads with active compile tasks:
C2 CompilerThread0   208084 16104       4       org.gradle.api.internal.artifacts.ivyservice.resolveengine.graph.builder.DependencyGraphBuilder::performSelectionSerially (121 bytes)

VM state:not at safepoint (normal execution)

VM Mutex/Monitor currently owned by a thread: None

Heap address: 0x0000000080000000, size: 2048 MB, Compressed Oops mode: 32-bit
Narrow klass base: 0x0000000000000000, Narrow klass shift: 3
Compressed class space size: 528482304 Address: 0x0000000100000000

Heap:
 garbage-first heap   total 225280K, used 185494K [0x0000000080000000, 0x0000000100000000)
  region size 1024K, 3 young (3072K), 2 survivors (2048K)
 Metaspace       used 117922K, capacity 122670K, committed 122824K, reserved 622592K
  class space    used 15683K, capacity 17530K, committed 17536K, reserved 516096K
Heap Regions: E=young(eden), S=young(survivor), O=old, HS=humongous(starts), HC=humongous(continues), CS=collection set, F=free, A=archive, TAMS=top-at-mark-start (previous, next)
|   0|0x0000000080000000, 0x0000000080100000, 0x0000000080100000|100%|HS|  |TAMS 0x0000000080100000, 0x0000000080000000| Complete 
|   1|0x0000000080100000, 0x0000000080200000, 0x0000000080200000|100%|HC|  |TAMS 0x0000000080200000, 0x0000000080100000| Complete 
|   2|0x0000000080200000, 0x0000000080300000, 0x0000000080300000|100%|HC|  |TAMS 0x0000000080300000, 0x0000000080200000| Complete 
|   3|0x0000000080300000, 0x0000000080400000, 0x0000000080400000|100%|HC|  |TAMS 0x0000000080400000, 0x0000000080300000| Complete 
|   4|0x0000000080400000, 0x0000000080500000, 0x0000000080500000|100%| O|  |TAMS 0x0000000080500000, 0x0000000080400000| Untracked 
|   5|0x0000000080500000, 0x0000000080600000, 0x0000000080600000|100%| O|  |TAMS 0x0000000080600000, 0x0000000080500000| Untracked 
|   6|0x0000000080600000, 0x0000000080700000, 0x0000000080700000|100%| O|  |TAMS 0x0000000080700000, 0x0000000080600000| Untracked 
|   7|0x0000000080700000, 0x0000000080800000, 0x0000000080800000|100%| O|  |TAMS 0x0000000080800000, 0x0000000080700000| Untracked 
|   8|0x0000000080800000, 0x0000000080900000, 0x0000000080900000|100%| O|  |TAMS 0x0000000080900000, 0x0000000080800000| Untracked 
|   9|0x0000000080900000, 0x0000000080a00000, 0x0000000080a00000|100%| O|  |TAMS 0x0000000080a00000, 0x0000000080900000| Untracked 
|  10|0x0000000080a00000, 0x0000000080b00000, 0x0000000080b00000|100%| O|  |TAMS 0x0000000080b00000, 0x0000000080a00000| Untracked 
|  11|0x0000000080b00000, 0x0000000080c00000, 0x0000000080c00000|100%| O|  |TAMS 0x0000000080c00000, 0x0000000080b00000| Untracked 
|  12|0x0000000080c00000, 0x0000000080d00000, 0x0000000080d00000|100%| O|  |TAMS 0x0000000080d00000, 0x0000000080c00000| Untracked 
|  13|0x0000000080d00000, 0x0000000080e00000, 0x0000000080e00000|100%| O|  |TAMS 0x0000000080e00000, 0x0000000080d00000| Untracked 
|  14|0x0000000080e00000, 0x0000000080f00000, 0x0000000080f00000|100%| O|  |TAMS 0x0000000080f00000, 0x0000000080e00000| Untracked 
|  15|0x0000000080f00000, 0x0000000081000000, 0x0000000081000000|100%| O|  |TAMS 0x0000000081000000, 0x0000000080f00000| Untracked 
|  16|0x0000000081000000, 0x0000000081100000, 0x0000000081100000|100%| O|  |TAMS 0x0000000081100000, 0x0000000081000000| Untracked 
|  17|0x0000000081100000, 0x0000000081200000, 0x0000000081200000|100%| O|  |TAMS 0x0000000081200000, 0x0000000081100000| Untracked 
|  18|0x0000000081200000, 0x0000000081300000, 0x0000000081300000|100%| O|  |TAMS 0x0000000081300000, 0x0000000081200000| Untracked 
|  19|0x0000000081300000, 0x0000000081400000, 0x0000000081400000|100%| O|  |TAMS 0x0000000081400000, 0x0000000081300000| Untracked 
|  20|0x0000000081400000, 0x0000000081500000, 0x0000000081500000|100%| O|  |TAMS 0x0000000081500000, 0x0000000081400000| Complete 
|  21|0x0000000081500000, 0x0000000081600000, 0x0000000081600000|100%| O|  |TAMS 0x0000000081600000, 0x0000000081500000| Untracked 
|  22|0x0000000081600000, 0x0000000081700000, 0x0000000081700000|100%| O|  |TAMS 0x0000000081700000, 0x0000000081600000| Untracked 
|  23|0x0000000081700000, 0x0000000081800000, 0x0000000081800000|100%| O|  |TAMS 0x0000000081800000, 0x0000000081700000| Untracked 
|  24|0x0000000081800000, 0x0000000081900000, 0x0000000081900000|100%| O|  |TAMS 0x0000000081900000, 0x0000000081800000| Untracked 
|  25|0x0000000081900000, 0x0000000081a00000, 0x0000000081a00000|100%| O|  |TAMS 0x0000000081a00000, 0x0000000081900000| Untracked 
|  26|0x0000000081a00000, 0x0000000081b00000, 0x0000000081b00000|100%| O|  |TAMS 0x0000000081b00000, 0x0000000081a00000| Untracked 
|  27|0x0000000081b00000, 0x0000000081c00000, 0x0000000081c00000|100%| O|  |TAMS 0x0000000081c00000, 0x0000000081b00000| Complete 
|  28|0x0000000081c00000, 0x0000000081d00000, 0x0000000081d00000|100%|HS|  |TAMS 0x0000000081d00000, 0x0000000081c00000| Complete 
|  29|0x0000000081d00000, 0x0000000081e00000, 0x0000000081e00000|100%|HC|  |TAMS 0x0000000081e00000, 0x0000000081d00000| Complete 
|  30|0x0000000081e00000, 0x0000000081f00000, 0x0000000081f00000|100%|HS|  |TAMS 0x0000000081f00000, 0x0000000081e00000| Complete 
|  31|0x0000000081f00000, 0x0000000082000000, 0x0000000082000000|100%|HC|  |TAMS 0x0000000082000000, 0x0000000081f00000| Complete 
|  32|0x0000000082000000, 0x0000000082100000, 0x0000000082100000|100%|HC|  |TAMS 0x0000000082100000, 0x0000000082000000| Complete 
|  33|0x0000000082100000, 0x0000000082200000, 0x0000000082200000|100%|HC|  |TAMS 0x0000000082200000, 0x0000000082100000| Complete 
|  34|0x0000000082200000, 0x0000000082300000, 0x0000000082300000|100%| O|  |TAMS 0x0000000082300000, 0x0000000082200000| Complete 
|  35|0x0000000082300000, 0x0000000082400000, 0x0000000082400000|100%| O|  |TAMS 0x0000000082400000, 0x0000000082300000| Complete 
|  36|0x0000000082400000, 0x0000000082500000, 0x0000000082500000|100%| O|  |TAMS 0x0000000082500000, 0x0000000082400000| Untracked 
|  37|0x0000000082500000, 0x0000000082600000, 0x0000000082600000|100%| O|  |TAMS 0x0000000082600000, 0x0000000082500000| Untracked 
|  38|0x0000000082600000, 0x0000000082700000, 0x0000000082700000|100%| O|  |TAMS 0x0000000082700000, 0x0000000082600000| Untracked 
|  39|0x0000000082700000, 0x0000000082800000, 0x0000000082800000|100%| O|  |TAMS 0x0000000082800000, 0x0000000082700000| Complete 
|  40|0x0000000082800000, 0x0000000082900000, 0x0000000082900000|100%| O|  |TAMS 0x0000000082900000, 0x0000000082800000| Untracked 
|  41|0x0000000082900000, 0x0000000082a00000, 0x0000000082a00000|100%| O|  |TAMS 0x0000000082a00000, 0x0000000082900000| Untracked 
|  42|0x0000000082a00000, 0x0000000082b00000, 0x0000000082b00000|100%| O|  |TAMS 0x0000000082b00000, 0x0000000082a00000| Untracked 
|  43|0x0000000082b00000, 0x0000000082c00000, 0x0000000082c00000|100%| O|  |TAMS 0x0000000082c00000, 0x0000000082b00000| Untracked 
|  44|0x0000000082c00000, 0x0000000082d00000, 0x0000000082d00000|100%| O|  |TAMS 0x0000000082d00000, 0x0000000082c00000| Complete 
|  45|0x0000000082d00000, 0x0000000082e00000, 0x0000000082e00000|100%| O|  |TAMS 0x0000000082e00000, 0x0000000082d00000| Complete 
|  46|0x0000000082e00000, 0x0000000082f00000, 0x0000000082f00000|100%|HS|  |TAMS 0x0000000082f00000, 0x0000000082e00000| Complete 
|  47|0x0000000082f00000, 0x0000000083000000, 0x0000000083000000|100%| O|  |TAMS 0x0000000083000000, 0x0000000082f00000| Untracked 
|  48|0x0000000083000000, 0x0000000083100000, 0x0000000083100000|100%| O|  |TAMS 0x0000000083100000, 0x0000000083000000| Untracked 
|  49|0x0000000083100000, 0x0000000083200000, 0x0000000083200000|100%| O|  |TAMS 0x0000000083200000, 0x0000000083100000| Untracked 
|  50|0x0000000083200000, 0x0000000083300000, 0x0000000083300000|100%| O|  |TAMS 0x0000000083300000, 0x0000000083200000| Complete 
|  51|0x0000000083300000, 0x0000000083400000, 0x0000000083400000|100%| O|  |TAMS 0x0000000083400000, 0x0000000083300000| Untracked 
|  52|0x0000000083400000, 0x0000000083500000, 0x0000000083500000|100%| O|  |TAMS 0x0000000083500000, 0x0000000083400000| Untracked 
|  53|0x0000000083500000, 0x0000000083600000, 0x0000000083600000|100%| O|  |TAMS 0x0000000083600000, 0x0000000083500000| Complete 
|  54|0x0000000083600000, 0x0000000083700000, 0x0000000083700000|100%|HS|  |TAMS 0x0000000083700000, 0x0000000083600000| Complete 
|  55|0x0000000083700000, 0x0000000083800000, 0x0000000083800000|100%| O|  |TAMS 0x0000000083800000, 0x0000000083700000| Complete 
|  56|0x0000000083800000, 0x0000000083900000, 0x0000000083900000|100%| O|  |TAMS 0x0000000083900000, 0x0000000083800000| Complete 
|  57|0x0000000083900000, 0x0000000083a00000, 0x0000000083a00000|100%| O|  |TAMS 0x0000000083a00000, 0x0000000083900000| Untracked 
|  58|0x0000000083a00000, 0x0000000083b00000, 0x0000000083b00000|100%| O|  |TAMS 0x0000000083b00000, 0x0000000083a00000| Untracked 
|  59|0x0000000083b00000, 0x0000000083c00000, 0x0000000083c00000|100%| O|  |TAMS 0x0000000083c00000, 0x0000000083b00000| Complete 
|  60|0x0000000083c00000, 0x0000000083d00000, 0x0000000083d00000|100%| O|  |TAMS 0x0000000083d00000, 0x0000000083c00000| Untracked 
|  61|0x0000000083d00000, 0x0000000083e00000, 0x0000000083e00000|100%| O|  |TAMS 0x0000000083e00000, 0x0000000083d00000| Complete 
|  62|0x0000000083e00000, 0x0000000083f00000, 0x0000000083f00000|100%| O|  |TAMS 0x0000000083f00000, 0x0000000083e00000| Untracked 
|  63|0x0000000083f00000, 0x0000000084000000, 0x0000000084000000|100%| O|  |TAMS 0x0000000084000000, 0x0000000083f00000| Complete 
|  64|0x0000000084000000, 0x0000000084100000, 0x0000000084100000|100%| O|  |TAMS 0x0000000084100000, 0x0000000084000000| Untracked 
|  65|0x0000000084100000, 0x0000000084200000, 0x0000000084200000|100%| O|  |TAMS 0x0000000084200000, 0x0000000084100000| Untracked 
|  66|0x0000000084200000, 0x0000000084300000, 0x0000000084300000|100%| O|  |TAMS 0x0000000084300000, 0x0000000084200000| Complete 
|  67|0x0000000084300000, 0x0000000084400000, 0x0000000084400000|100%| O|  |TAMS 0x0000000084400000, 0x0000000084300000| Untracked 
|  68|0x0000000084400000, 0x0000000084500000, 0x0000000084500000|100%| O|  |TAMS 0x0000000084500000, 0x0000000084400000| Complete 
|  69|0x0000000084500000, 0x0000000084600000, 0x0000000084600000|100%| O|  |TAMS 0x0000000084600000, 0x0000000084500000| Untracked 
|  70|0x0000000084600000, 0x0000000084700000, 0x0000000084700000|100%| O|  |TAMS 0x0000000084700000, 0x0000000084600000| Untracked 
|  71|0x0000000084700000, 0x0000000084800000, 0x0000000084800000|100%| O|  |TAMS 0x0000000084800000, 0x0000000084700000| Complete 
|  72|0x0000000084800000, 0x0000000084900000, 0x0000000084900000|100%| O|  |TAMS 0x0000000084900000, 0x0000000084800000| Untracked 
|  73|0x0000000084900000, 0x0000000084a00000, 0x0000000084a00000|100%| O|  |TAMS 0x0000000084a00000, 0x0000000084900000| Untracked 
|  74|0x0000000084a00000, 0x0000000084b00000, 0x0000000084b00000|100%| O|  |TAMS 0x0000000084b00000, 0x0000000084a00000| Untracked 
|  75|0x0000000084b00000, 0x0000000084c00000, 0x0000000084c00000|100%| O|  |TAMS 0x0000000084c00000, 0x0000000084b00000| Untracked 
|  76|0x0000000084c00000, 0x0000000084d00000, 0x0000000084d00000|100%| O|  |TAMS 0x0000000084d00000, 0x0000000084c00000| Complete 
|  77|0x0000000084d00000, 0x0000000084e00000, 0x0000000084e00000|100%| O|  |TAMS 0x0000000084e00000, 0x0000000084d00000| Complete 
|  78|0x0000000084e00000, 0x0000000084f00000, 0x0000000084f00000|100%| O|  |TAMS 0x0000000084f00000, 0x0000000084e00000| Complete 
|  79|0x0000000084f00000, 0x0000000085000000, 0x0000000085000000|100%| O|  |TAMS 0x0000000085000000, 0x0000000084f00000| Complete 
|  80|0x0000000085000000, 0x0000000085100000, 0x0000000085100000|100%| O|  |TAMS 0x0000000085100000, 0x0000000085000000| Complete 
|  81|0x0000000085100000, 0x0000000085200000, 0x0000000085200000|100%| O|  |TAMS 0x0000000085200000, 0x0000000085100000| Untracked 
|  82|0x0000000085200000, 0x0000000085300000, 0x0000000085300000|100%| O|  |TAMS 0x0000000085300000, 0x0000000085200000| Untracked 
|  83|0x0000000085300000, 0x0000000085400000, 0x0000000085400000|100%| O|  |TAMS 0x0000000085400000, 0x0000000085300000| Complete 
|  84|0x0000000085400000, 0x0000000085500000, 0x0000000085500000|100%| O|  |TAMS 0x0000000085500000, 0x0000000085400000| Untracked 
|  85|0x0000000085500000, 0x0000000085600000, 0x0000000085600000|100%| O|  |TAMS 0x0000000085600000, 0x0000000085500000| Untracked 
|  86|0x0000000085600000, 0x0000000085700000, 0x0000000085700000|100%| O|  |TAMS 0x0000000085700000, 0x0000000085600000| Untracked 
|  87|0x0000000085700000, 0x0000000085800000, 0x0000000085800000|100%| O|  |TAMS 0x0000000085800000, 0x0000000085700000| Untracked 
|  88|0x0000000085800000, 0x0000000085900000, 0x0000000085900000|100%|HS|  |TAMS 0x0000000085900000, 0x0000000085800000| Complete 
|  89|0x0000000085900000, 0x0000000085a00000, 0x0000000085a00000|100%|HS|  |TAMS 0x0000000085a00000, 0x0000000085900000| Complete 
|  90|0x0000000085a00000, 0x0000000085b00000, 0x0000000085b00000|100%|HS|  |TAMS 0x0000000085b00000, 0x0000000085a00000| Complete 
|  91|0x0000000085b00000, 0x0000000085c00000, 0x0000000085c00000|100%|HS|  |TAMS 0x0000000085c00000, 0x0000000085b00000| Complete 
|  92|0x0000000085c00000, 0x0000000085d00000, 0x0000000085d00000|100%|HC|  |TAMS 0x0000000085d00000, 0x0000000085c00000| Complete 
|  93|0x0000000085d00000, 0x0000000085e00000, 0x0000000085e00000|100%|HC|  |TAMS 0x0000000085e00000, 0x0000000085d00000| Complete 
|  94|0x0000000085e00000, 0x0000000085f00000, 0x0000000085f00000|100%| O|  |TAMS 0x0000000085f00000, 0x0000000085e00000| Untracked 
|  95|0x0000000085f00000, 0x0000000086000000, 0x0000000086000000|100%| O|  |TAMS 0x0000000086000000, 0x0000000085f00000| Complete 
|  96|0x0000000086000000, 0x0000000086100000, 0x0000000086100000|100%| O|  |TAMS 0x0000000086100000, 0x0000000086000000| Untracked 
|  97|0x0000000086100000, 0x0000000086200000, 0x0000000086200000|100%|HS|  |TAMS 0x0000000086200000, 0x0000000086100000| Complete 
|  98|0x0000000086200000, 0x0000000086300000, 0x0000000086300000|100%|HC|  |TAMS 0x0000000086300000, 0x0000000086200000| Complete 
|  99|0x0000000086300000, 0x0000000086400000, 0x0000000086400000|100%| O|  |TAMS 0x0000000086400000, 0x0000000086300000| Untracked 
| 100|0x0000000086400000, 0x0000000086500000, 0x0000000086500000|100%| O|  |TAMS 0x0000000086500000, 0x0000000086400000| Untracked 
| 101|0x0000000086500000, 0x0000000086600000, 0x0000000086600000|100%| O|  |TAMS 0x0000000086600000, 0x0000000086500000| Complete 
| 102|0x0000000086600000, 0x0000000086700000, 0x0000000086700000|100%| O|  |TAMS 0x0000000086700000, 0x0000000086600000| Untracked 
| 103|0x0000000086700000, 0x0000000086800000, 0x0000000086800000|100%| O|  |TAMS 0x0000000086800000, 0x0000000086700000| Untracked 
| 104|0x0000000086800000, 0x0000000086900000, 0x0000000086900000|100%| O|  |TAMS 0x0000000086900000, 0x0000000086800000| Complete 
| 105|0x0000000086900000, 0x0000000086a00000, 0x0000000086a00000|100%| O|  |TAMS 0x0000000086a00000, 0x0000000086900000| Complete 
| 106|0x0000000086a00000, 0x0000000086b00000, 0x0000000086b00000|100%| O|  |TAMS 0x0000000086b00000, 0x0000000086a00000| Untracked 
| 107|0x0000000086b00000, 0x0000000086c00000, 0x0000000086c00000|100%| O|  |TAMS 0x0000000086c00000, 0x0000000086b00000| Untracked 
| 108|0x0000000086c00000, 0x0000000086d00000, 0x0000000086d00000|100%|HS|  |TAMS 0x0000000086d00000, 0x0000000086c00000| Complete 
| 109|0x0000000086d00000, 0x0000000086e00000, 0x0000000086e00000|100%|HS|  |TAMS 0x0000000086e00000, 0x0000000086d00000| Complete 
| 110|0x0000000086e00000, 0x0000000086f00000, 0x0000000086f00000|100%| O|  |TAMS 0x0000000086f00000, 0x0000000086e00000| Untracked 
| 111|0x0000000086f00000, 0x0000000087000000, 0x0000000087000000|100%| O|  |TAMS 0x0000000087000000, 0x0000000086f00000| Untracked 
| 112|0x0000000087000000, 0x0000000087100000, 0x0000000087100000|100%| O|  |TAMS 0x0000000087100000, 0x0000000087000000| Untracked 
| 113|0x0000000087100000, 0x0000000087200000, 0x0000000087200000|100%| O|  |TAMS 0x0000000087200000, 0x0000000087100000| Complete 
| 114|0x0000000087200000, 0x0000000087300000, 0x0000000087300000|100%| O|  |TAMS 0x0000000087300000, 0x0000000087200000| Complete 
| 115|0x0000000087300000, 0x0000000087400000, 0x0000000087400000|100%| O|  |TAMS 0x0000000087400000, 0x0000000087300000| Untracked 
| 116|0x0000000087400000, 0x0000000087500000, 0x0000000087500000|100%| O|  |TAMS 0x00000000874e2600, 0x0000000087400000| Untracked 
| 117|0x0000000087500000, 0x0000000087600000, 0x0000000087600000|100%| O|  |TAMS 0x0000000087600000, 0x0000000087500000| Untracked 
| 118|0x0000000087600000, 0x0000000087700000, 0x0000000087700000|100%| O|  |TAMS 0x0000000087600000, 0x0000000087600000| Untracked 
| 119|0x0000000087700000, 0x0000000087800000, 0x0000000087800000|100%| O|  |TAMS 0x0000000087800000, 0x0000000087700000| Complete 
| 120|0x0000000087800000, 0x0000000087900000, 0x0000000087900000|100%| O|  |TAMS 0x0000000087900000, 0x0000000087800000| Complete 
| 121|0x0000000087900000, 0x0000000087a00000, 0x0000000087a00000|100%| O|  |TAMS 0x0000000087a00000, 0x0000000087900000| Complete 
| 122|0x0000000087a00000, 0x0000000087b00000, 0x0000000087b00000|100%| O|  |TAMS 0x0000000087b00000, 0x0000000087a00000| Complete 
| 123|0x0000000087b00000, 0x0000000087c00000, 0x0000000087c00000|100%| O|  |TAMS 0x0000000087c00000, 0x0000000087b00000| Untracked 
| 124|0x0000000087c00000, 0x0000000087d00000, 0x0000000087d00000|100%| O|  |TAMS 0x0000000087d00000, 0x0000000087c00000| Complete 
| 125|0x0000000087d00000, 0x0000000087e00000, 0x0000000087e00000|100%| O|  |TAMS 0x0000000087e00000, 0x0000000087d00000| Untracked 
| 126|0x0000000087e00000, 0x0000000087f00000, 0x0000000087f00000|100%| O|  |TAMS 0x0000000087f00000, 0x0000000087e00000| Untracked 
| 127|0x0000000087f00000, 0x0000000088000000, 0x0000000088000000|100%| O|  |TAMS 0x0000000088000000, 0x0000000087f00000| Untracked 
| 128|0x0000000088000000, 0x0000000088100000, 0x0000000088100000|100%| O|  |TAMS 0x0000000088100000, 0x0000000088000000| Complete 
| 129|0x0000000088100000, 0x0000000088200000, 0x0000000088200000|100%| O|  |TAMS 0x0000000088200000, 0x0000000088100000| Untracked 
| 130|0x0000000088200000, 0x0000000088300000, 0x0000000088300000|100%| O|  |TAMS 0x0000000088300000, 0x0000000088200000| Untracked 
| 131|0x0000000088300000, 0x0000000088400000, 0x0000000088400000|100%| O|  |TAMS 0x0000000088400000, 0x0000000088300000| Complete 
| 132|0x0000000088400000, 0x0000000088500000, 0x0000000088500000|100%| O|  |TAMS 0x0000000088500000, 0x0000000088400000| Untracked 
| 133|0x0000000088500000, 0x0000000088600000, 0x0000000088600000|100%| O|  |TAMS 0x0000000088600000, 0x0000000088500000| Untracked 
| 134|0x0000000088600000, 0x0000000088700000, 0x0000000088700000|100%| O|  |TAMS 0x0000000088700000, 0x0000000088600000| Complete 
| 135|0x0000000088700000, 0x0000000088800000, 0x0000000088800000|100%| O|  |TAMS 0x0000000088800000, 0x0000000088700000| Untracked 
| 136|0x0000000088800000, 0x0000000088900000, 0x0000000088900000|100%| O|  |TAMS 0x0000000088900000, 0x0000000088800000| Untracked 
| 137|0x0000000088900000, 0x0000000088a00000, 0x0000000088a00000|100%| O|  |TAMS 0x0000000088a00000, 0x0000000088900000| Complete 
| 138|0x0000000088a00000, 0x0000000088b00000, 0x0000000088b00000|100%| O|  |TAMS 0x0000000088b00000, 0x0000000088a00000| Untracked 
| 139|0x0000000088b00000, 0x0000000088c00000, 0x0000000088c00000|100%| O|  |TAMS 0x0000000088c00000, 0x0000000088b00000| Untracked 
| 140|0x0000000088c00000, 0x0000000088d00000, 0x0000000088d00000|100%| O|  |TAMS 0x0000000088d00000, 0x0000000088c00000| Untracked 
| 141|0x0000000088d00000, 0x0000000088e00000, 0x0000000088e00000|100%|HS|  |TAMS 0x0000000088e00000, 0x0000000088d00000| Complete 
| 142|0x0000000088e00000, 0x0000000088f00000, 0x0000000088f00000|100%|HS|  |TAMS 0x0000000088f00000, 0x0000000088e00000| Complete 
| 143|0x0000000088f00000, 0x0000000089000000, 0x0000000089000000|100%|HC|  |TAMS 0x0000000089000000, 0x0000000088f00000| Complete 
| 144|0x0000000089000000, 0x0000000089100000, 0x0000000089100000|100%|HC|  |TAMS 0x0000000089100000, 0x0000000089000000| Complete 
| 145|0x0000000089100000, 0x0000000089200000, 0x0000000089200000|100%| O|  |TAMS 0x0000000089200000, 0x0000000089100000| Untracked 
| 146|0x0000000089200000, 0x0000000089300000, 0x0000000089300000|100%| O|  |TAMS 0x0000000089300000, 0x0000000089200000| Untracked 
| 147|0x0000000089300000, 0x0000000089400000, 0x0000000089400000|100%| O|  |TAMS 0x0000000089400000, 0x0000000089300000| Untracked 
| 148|0x0000000089400000, 0x0000000089500000, 0x0000000089500000|100%| O|  |TAMS 0x0000000089500000, 0x0000000089400000| Untracked 
| 149|0x0000000089500000, 0x0000000089600000, 0x0000000089600000|100%| O|  |TAMS 0x0000000089600000, 0x0000000089500000| Untracked 
| 150|0x0000000089600000, 0x0000000089700000, 0x0000000089700000|100%| O|  |TAMS 0x0000000089700000, 0x0000000089600000| Untracked 
| 151|0x0000000089700000, 0x0000000089800000, 0x0000000089800000|100%| O|  |TAMS 0x0000000089800000, 0x0000000089700000| Untracked 
| 152|0x0000000089800000, 0x0000000089900000, 0x0000000089900000|100%|HS|  |TAMS 0x0000000089900000, 0x0000000089800000| Complete 
| 153|0x0000000089900000, 0x0000000089a00000, 0x0000000089a00000|100%| O|  |TAMS 0x0000000089a00000, 0x0000000089900000| Untracked 
| 154|0x0000000089a00000, 0x0000000089b00000, 0x0000000089b00000|100%| O|  |TAMS 0x0000000089b00000, 0x0000000089a00000| Complete 
| 155|0x0000000089b00000, 0x0000000089c00000, 0x0000000089c00000|100%| O|  |TAMS 0x0000000089c00000, 0x0000000089b00000| Untracked 
| 156|0x0000000089c00000, 0x0000000089d00000, 0x0000000089d00000|100%| O|  |TAMS 0x0000000089d00000, 0x0000000089c00000| Untracked 
| 157|0x0000000089d00000, 0x0000000089e00000, 0x0000000089e00000|100%| O|  |TAMS 0x0000000089e00000, 0x0000000089d00000| Complete 
| 158|0x0000000089e00000, 0x0000000089f00000, 0x0000000089f00000|100%| O|  |TAMS 0x0000000089f00000, 0x0000000089e00000| Untracked 
| 159|0x0000000089f00000, 0x000000008a000000, 0x000000008a000000|100%| O|  |TAMS 0x000000008a000000, 0x0000000089f00000| Untracked 
| 160|0x000000008a000000, 0x000000008a100000, 0x000000008a100000|100%|HS|  |TAMS 0x000000008a100000, 0x000000008a000000| Complete 
| 161|0x000000008a100000, 0x000000008a200000, 0x000000008a200000|100%|HS|  |TAMS 0x000000008a200000, 0x000000008a100000| Complete 
| 162|0x000000008a200000, 0x000000008a300000, 0x000000008a300000|100%| O|  |TAMS 0x000000008a300000, 0x000000008a200000| Untracked 
| 163|0x000000008a300000, 0x000000008a400000, 0x000000008a400000|100%| O|  |TAMS 0x000000008a400000, 0x000000008a300000| Untracked 
| 164|0x000000008a400000, 0x000000008a500000, 0x000000008a500000|100%| O|  |TAMS 0x000000008a500000, 0x000000008a400000| Complete 
| 165|0x000000008a500000, 0x000000008a600000, 0x000000008a600000|100%| O|  |TAMS 0x000000008a600000, 0x000000008a500000| Untracked 
| 166|0x000000008a600000, 0x000000008a700000, 0x000000008a700000|100%| O|  |TAMS 0x000000008a700000, 0x000000008a600000| Untracked 
| 167|0x000000008a700000, 0x000000008a800000, 0x000000008a800000|100%| O|  |TAMS 0x000000008a800000, 0x000000008a700000| Untracked 
| 168|0x000000008a800000, 0x000000008a900000, 0x000000008a900000|100%| O|  |TAMS 0x000000008a800000, 0x000000008a800000| Untracked 
| 169|0x000000008a900000, 0x000000008aa00000, 0x000000008aa00000|100%| O|  |TAMS 0x000000008aa00000, 0x000000008a900000| Untracked 
| 170|0x000000008aa00000, 0x000000008ab00000, 0x000000008ab00000|100%| O|  |TAMS 0x000000008ab00000, 0x000000008aa00000| Untracked 
| 171|0x000000008ab00000, 0x000000008ac00000, 0x000000008ac00000|100%| O|  |TAMS 0x000000008ac00000, 0x000000008ab00000| Complete 
| 172|0x000000008ac00000, 0x000000008ad00000, 0x000000008ad00000|100%| O|  |TAMS 0x000000008ad00000, 0x000000008ac00000| Complete 
| 173|0x000000008ad00000, 0x000000008ad25800, 0x000000008ae00000| 14%| O|  |TAMS 0x000000008ad00000, 0x000000008ad00000| Untracked 
| 174|0x000000008ae00000, 0x000000008ae00000, 0x000000008af00000|  0%| F|  |TAMS 0x000000008ae00000, 0x000000008ae00000| Untracked 
| 175|0x000000008af00000, 0x000000008af00000, 0x000000008b000000|  0%| F|  |TAMS 0x000000008af00000, 0x000000008af00000| Untracked 
| 176|0x000000008b000000, 0x000000008b000000, 0x000000008b100000|  0%| F|  |TAMS 0x000000008b000000, 0x000000008b000000| Untracked 
| 177|0x000000008b100000, 0x000000008b100000, 0x000000008b200000|  0%| F|  |TAMS 0x000000008b100000, 0x000000008b100000| Untracked 
| 178|0x000000008b200000, 0x000000008b200000, 0x000000008b300000|  0%| F|  |TAMS 0x000000008b200000, 0x000000008b200000| Untracked 
| 179|0x000000008b300000, 0x000000008b300000, 0x000000008b400000|  0%| F|  |TAMS 0x000000008b300000, 0x000000008b300000| Untracked 
| 180|0x000000008b400000, 0x000000008b400000, 0x000000008b500000|  0%| F|  |TAMS 0x000000008b400000, 0x000000008b400000| Untracked 
| 181|0x000000008b500000, 0x000000008b500000, 0x000000008b600000|  0%| F|  |TAMS 0x000000008b500000, 0x000000008b500000| Untracked 
| 182|0x000000008b600000, 0x000000008b600000, 0x000000008b700000|  0%| F|  |TAMS 0x000000008b600000, 0x000000008b600000| Untracked 
| 183|0x000000008b700000, 0x000000008b700000, 0x000000008b800000|  0%| F|  |TAMS 0x000000008b700000, 0x000000008b700000| Untracked 
| 184|0x000000008b800000, 0x000000008b900000, 0x000000008b900000|100%| O|  |TAMS 0x000000008b900000, 0x000000008b800000| Complete 
| 185|0x000000008b900000, 0x000000008ba00000, 0x000000008ba00000|100%| O|  |TAMS 0x000000008ba00000, 0x000000008b900000| Untracked 
| 186|0x000000008ba00000, 0x000000008bb00000, 0x000000008bb00000|100%| O|  |TAMS 0x000000008bb00000, 0x000000008ba00000| Untracked 
| 187|0x000000008bb00000, 0x000000008bc00000, 0x000000008bc00000|100%| O|  |TAMS 0x000000008bc00000, 0x000000008bb00000| Untracked 
| 188|0x000000008bc00000, 0x000000008bc00000, 0x000000008bd00000|  0%| F|  |TAMS 0x000000008bc00000, 0x000000008bc00000| Untracked 
| 189|0x000000008bd00000, 0x000000008be00000, 0x000000008be00000|100%| O|  |TAMS 0x000000008be00000, 0x000000008bd00000| Untracked 
| 190|0x000000008be00000, 0x000000008bf00000, 0x000000008bf00000|100%| O|  |TAMS 0x000000008bf00000, 0x000000008be00000| Complete 
| 191|0x000000008bf00000, 0x000000008bf00000, 0x000000008c000000|  0%| F|  |TAMS 0x000000008bf00000, 0x000000008bf00000| Untracked 
| 192|0x000000008c000000, 0x000000008c000000, 0x000000008c100000|  0%| F|  |TAMS 0x000000008c000000, 0x000000008c000000| Untracked 
| 193|0x000000008c100000, 0x000000008c100000, 0x000000008c200000|  0%| F|  |TAMS 0x000000008c100000, 0x000000008c100000| Untracked 
| 194|0x000000008c200000, 0x000000008c200000, 0x000000008c300000|  0%| F|  |TAMS 0x000000008c200000, 0x000000008c200000| Untracked 
| 195|0x000000008c300000, 0x000000008c300000, 0x000000008c400000|  0%| F|  |TAMS 0x000000008c300000, 0x000000008c300000| Untracked 
| 196|0x000000008c400000, 0x000000008c400000, 0x000000008c500000|  0%| F|  |TAMS 0x000000008c400000, 0x000000008c400000| Untracked 
| 197|0x000000008c500000, 0x000000008c500000, 0x000000008c600000|  0%| F|  |TAMS 0x000000008c500000, 0x000000008c500000| Untracked 
| 198|0x000000008c600000, 0x000000008c600000, 0x000000008c700000|  0%| F|  |TAMS 0x000000008c600000, 0x000000008c600000| Untracked 
| 199|0x000000008c700000, 0x000000008c700000, 0x000000008c800000|  0%| F|  |TAMS 0x000000008c700000, 0x000000008c700000| Untracked 
| 200|0x000000008c800000, 0x000000008c800000, 0x000000008c900000|  0%| F|  |TAMS 0x000000008c800000, 0x000000008c800000| Untracked 
| 201|0x000000008c900000, 0x000000008c900000, 0x000000008ca00000|  0%| F|  |TAMS 0x000000008c900000, 0x000000008c900000| Untracked 
| 202|0x000000008ca00000, 0x000000008ca00000, 0x000000008cb00000|  0%| F|  |TAMS 0x000000008ca00000, 0x000000008ca00000| Untracked 
| 203|0x000000008cb00000, 0x000000008cc00000, 0x000000008cc00000|100%| S|CS|TAMS 0x000000008cb00000, 0x000000008cb00000| Complete 
| 204|0x000000008cc00000, 0x000000008cc00000, 0x000000008cd00000|  0%| F|  |TAMS 0x000000008cc00000, 0x000000008cc00000| Untracked 
| 205|0x000000008cd00000, 0x000000008cd00000, 0x000000008ce00000|  0%| F|  |TAMS 0x000000008cd00000, 0x000000008cd00000| Untracked 
| 206|0x000000008ce00000, 0x000000008cf00000, 0x000000008cf00000|100%| S|CS|TAMS 0x000000008ce00000, 0x000000008ce00000| Complete 
| 207|0x000000008cf00000, 0x000000008cf00000, 0x000000008d000000|  0%| F|  |TAMS 0x000000008cf00000, 0x000000008cf00000| Untracked 
| 208|0x000000008d000000, 0x000000008d000000, 0x000000008d100000|  0%| F|  |TAMS 0x000000008d000000, 0x000000008d000000| Untracked 
| 209|0x000000008d100000, 0x000000008d100000, 0x000000008d200000|  0%| F|  |TAMS 0x000000008d100000, 0x000000008d100000| Untracked 
| 210|0x000000008d200000, 0x000000008d200000, 0x000000008d300000|  0%| F|  |TAMS 0x000000008d200000, 0x000000008d200000| Untracked 
| 211|0x000000008d300000, 0x000000008d300000, 0x000000008d400000|  0%| F|  |TAMS 0x000000008d300000, 0x000000008d300000| Untracked 
| 212|0x000000008d400000, 0x000000008d400000, 0x000000008d500000|  0%| F|  |TAMS 0x000000008d400000, 0x000000008d400000| Untracked 
| 213|0x000000008d500000, 0x000000008d500000, 0x000000008d600000|  0%| F|  |TAMS 0x000000008d500000, 0x000000008d500000| Untracked 
| 214|0x000000008d600000, 0x000000008d600000, 0x000000008d700000|  0%| F|  |TAMS 0x000000008d600000, 0x000000008d600000| Untracked 
| 215|0x000000008d700000, 0x000000008d700000, 0x000000008d800000|  0%| F|  |TAMS 0x000000008d700000, 0x000000008d700000| Untracked 
| 216|0x000000008d800000, 0x000000008d800000, 0x000000008d900000|  0%| F|  |TAMS 0x000000008d800000, 0x000000008d800000| Untracked 
| 217|0x000000008d900000, 0x000000008d900000, 0x000000008da00000|  0%| F|  |TAMS 0x000000008d900000, 0x000000008d900000| Untracked 
| 218|0x000000008da00000, 0x000000008da00000, 0x000000008db00000|  0%| F|  |TAMS 0x000000008da00000, 0x000000008da00000| Untracked 
| 219|0x000000008db00000, 0x000000008db5ab38, 0x000000008dc00000| 35%| E|  |TAMS 0x000000008db00000, 0x000000008db00000| Complete 

Card table byte_map: [0x000001e543f90000,0x000001e544390000] _byte_map_base: 0x000001e543b90000

Marking Bits (Prev, Next): (CMBitMap*) 0x000001e52d1bc900, (CMBitMap*) 0x000001e52d1bc8c8
 Prev Bits: [0x000001e546790000, 0x000001e548790000)
 Next Bits: [0x000001e544790000, 0x000001e546790000)

Polling page: 0x000001e52c960000

Metaspace:

Usage:
  Non-class:    102.68 MB capacity,    99.84 MB ( 97%) used,     2.43 MB (  2%) free+waste,   411.13 KB ( <1%) overhead. 
      Class:     17.12 MB capacity,    15.32 MB ( 89%) used,     1.61 MB (  9%) free+waste,   194.94 KB (  1%) overhead. 
       Both:    119.79 MB capacity,   115.16 MB ( 96%) used,     4.04 MB (  3%) free+waste,   606.06 KB ( <1%) overhead. 

Virtual space:
  Non-class space:      104.00 MB reserved,     102.82 MB ( 99%) committed 
      Class space:      504.00 MB reserved,      17.13 MB (  3%) committed 
             Both:      608.00 MB reserved,     119.95 MB ( 20%) committed 

Chunk freelists:
   Non-Class:  2.50 KB
       Class:  768 bytes
        Both:  3.25 KB

CodeHeap 'non-profiled nmethods': size=120000Kb used=10838Kb max_used=10838Kb free=109161Kb
 bounds [0x000001e53c320000, 0x000001e53cdc0000, 0x000001e543850000]
CodeHeap 'profiled nmethods': size=120000Kb used=33902Kb max_used=33902Kb free=86098Kb
 bounds [0x000001e534df0000, 0x000001e536f20000, 0x000001e53c320000]
CodeHeap 'non-nmethods': size=5760Kb used=2346Kb max_used=2392Kb free=3413Kb
 bounds [0x000001e534850000, 0x000001e534ac0000, 0x000001e534df0000]
 total_blobs=16008 nmethods=15040 adapters=878
 compilation: enabled
              stopped_count=0, restarted_count=0
 full_count=0

Compilation events (10 events):
Event: 207.828 Thread 0x000001e5588f9000 16129       4       org.gradle.api.internal.artifacts.ivyservice.resolveengine.graph.builder.ComponentState::getResolveStateOrNull (9 bytes)
Event: 207.830 Thread 0x000001e5588f9000 nmethod 16129 0x000001e53cdb5590 code [0x000001e53cdb5720, 0x000001e53cdb57a8]
Event: 207.852 Thread 0x000001e5588f9000 16136       4       java.util.stream.ReduceOps$3::getOpFlags (28 bytes)
Event: 207.855 Thread 0x000001e5588f9000 nmethod 16136 0x000001e53cdb5890 code [0x000001e53cdb5a20, 0x000001e53cdb5b18]
Event: 207.875 Thread 0x000001e5588f9000 16137       4       org.gradle.internal.serialize.AbstractDecoder::readBinary (16 bytes)
Event: 207.886 Thread 0x000001e54b1ee800 16139       1       org.gradle.api.internal.artifacts.ivyservice.resolveengine.graph.builder.EdgeState::isUnattached (5 bytes)
Event: 207.886 Thread 0x000001e54b1ee800 nmethod 16139 0x000001e53cdb5c90 code [0x000001e53cdb5e20, 0x000001e53cdb5ed8]
Event: 207.944 Thread 0x000001e5588f9000 nmethod 16137 0x000001e53cdb5f90 code [0x000001e53cdb6200, 0x000001e53cdb6fe0]
Event: 207.945 Thread 0x000001e5588f9000 16138       4       org.gradle.api.internal.artifacts.ivyservice.resolveengine.excludes.simple.DefaultExcludeNothing::equals (11 bytes)
Event: 207.947 Thread 0x000001e5588f9000 nmethod 16138 0x000001e53cdb7a90 code [0x000001e53cdb7c00, 0x000001e53cdb7c78]

GC Heap History (10 events):
Event: 204.207 GC heap before
{Heap before GC invocations=143 (full 0):
 garbage-first heap   total 225280K, used 186692K [0x0000000080000000, 0x0000000100000000)
  region size 1024K, 11 young (11264K), 3 survivors (3072K)
 Metaspace       used 113918K, capacity 118595K, committed 118728K, reserved 618496K
  class space    used 15126K, capacity 16956K, committed 17024K, reserved 516096K
}
Event: 204.232 GC heap after
{Heap after GC invocations=144 (full 0):
 garbage-first heap   total 225280K, used 177618K [0x0000000080000000, 0x0000000100000000)
  region size 1024K, 2 young (2048K), 2 survivors (2048K)
 Metaspace       used 113918K, capacity 118595K, committed 118728K, reserved 618496K
  class space    used 15126K, capacity 16956K, committed 17024K, reserved 516096K
}
Event: 205.025 GC heap before
{Heap before GC invocations=144 (full 0):
 garbage-first heap   total 225280K, used 192978K [0x0000000080000000, 0x0000000100000000)
  region size 1024K, 17 young (17408K), 2 survivors (2048K)
 Metaspace       used 114363K, capacity 119024K, committed 119368K, reserved 618496K
  class space    used 15195K, capacity 17055K, committed 17152K, reserved 516096K
}
Event: 205.041 GC heap after
{Heap after GC invocations=145 (full 0):
 garbage-first heap   total 225280K, used 180977K [0x0000000080000000, 0x0000000100000000)
  region size 1024K, 3 young (3072K), 3 survivors (3072K)
 Metaspace       used 114363K, capacity 119024K, committed 119368K, reserved 618496K
  class space    used 15195K, capacity 17055K, committed 17152K, reserved 516096K
}
Event: 205.636 GC heap before
{Heap before GC invocations=145 (full 0):
 garbage-first heap   total 225280K, used 194289K [0x0000000080000000, 0x0000000100000000)
  region size 1024K, 16 young (16384K), 3 survivors (3072K)
 Metaspace       used 115656K, capacity 120342K, committed 120520K, reserved 620544K
  class space    used 15408K, capacity 17280K, committed 17280K, reserved 516096K
}
Event: 205.646 GC heap after
{Heap after GC invocations=146 (full 0):
 garbage-first heap   total 225280K, used 181687K [0x0000000080000000, 0x0000000100000000)
  region size 1024K, 1 young (1024K), 1 survivors (1024K)
 Metaspace       used 115656K, capacity 120342K, committed 120520K, reserved 620544K
  class space    used 15408K, capacity 17280K, committed 17280K, reserved 516096K
}
Event: 206.523 GC heap before
{Heap before GC invocations=146 (full 0):
 garbage-first heap   total 225280K, used 194999K [0x0000000080000000, 0x0000000100000000)
  region size 1024K, 14 young (14336K), 1 survivors (1024K)
 Metaspace       used 117705K, capacity 122384K, committed 122568K, reserved 622592K
  class space    used 15664K, capacity 17523K, committed 17536K, reserved 516096K
}
Event: 206.530 GC heap after
{Heap after GC invocations=147 (full 0):
 garbage-first heap   total 225280K, used 182562K [0x0000000080000000, 0x0000000100000000)
  region size 1024K, 2 young (2048K), 2 survivors (2048K)
 Metaspace       used 117705K, capacity 122384K, committed 122568K, reserved 622592K
  class space    used 15664K, capacity 17523K, committed 17536K, reserved 516096K
}
Event: 207.889 GC heap before
{Heap before GC invocations=148 (full 0):
 garbage-first heap   total 225280K, used 195874K [0x0000000080000000, 0x0000000100000000)
  region size 1024K, 15 young (15360K), 2 survivors (2048K)
 Metaspace       used 117922K, capacity 122670K, committed 122824K, reserved 622592K
  class space    used 15683K, capacity 17530K, committed 17536K, reserved 516096K
}
Event: 207.903 GC heap after
{Heap after GC invocations=149 (full 0):
 garbage-first heap   total 225280K, used 185494K [0x0000000080000000, 0x0000000100000000)
  region size 1024K, 2 young (2048K), 2 survivors (2048K)
 Metaspace       used 117922K, capacity 122670K, committed 122824K, reserved 622592K
  class space    used 15683K, capacity 17530K, committed 17536K, reserved 516096K
}

Deoptimization events (10 events):
Event: 207.078 Thread 0x000001e54d0e1800 Uncommon trap: reason=bimorphic_or_optimized_type_check action=maybe_recompile pc=0x000001e53c531cf8 method=org.gradle.internal.component.model.AttributeConfigurationSelector.filterVariantsByRequestedCapabilities(Lorg/gradle/internal/component/model/Compo
Event: 207.121 Thread 0x000001e54d0e1800 Uncommon trap: reason=unstable_if action=reinterpret pc=0x000001e53ccb5a50 method=org.gradle.api.internal.artifacts.ivyservice.modulecache.InMemoryModuleMetadataCache.get(Lorg/gradle/api/internal/artifacts/ivyservice/modulecache/ModuleComponentAtRepositor
Event: 207.122 Thread 0x000001e54d0e1800 Uncommon trap: reason=unstable_if action=reinterpret pc=0x000001e53cd95aa4 method=java.util.regex.Pattern$GroupTail.match(Ljava/util/regex/Matcher;ILjava/lang/CharSequence;)Z @ 73 c2
Event: 207.154 Thread 0x000001e54d0e1800 Uncommon trap: reason=unstable_if action=reinterpret pc=0x000001e53cc77f0c method=org.gradle.internal.component.external.model.maven.RealisedMavenModuleResolveMetadata.getArtifactsForConfiguration(Lorg/gradle/internal/component/external/model/maven/Defaul
Event: 207.303 Thread 0x000001e54d0e1800 Uncommon trap: reason=class_check action=maybe_recompile pc=0x000001e53cd75328 method=org.gradle.api.internal.artifacts.ivyservice.resolveengine.graph.selectors.SelectorStateResolver.resolveSelectors(Lorg/gradle/api/internal/artifacts/ivyservice/resolveen
Event: 207.404 Thread 0x000001e54d0e1800 Uncommon trap: reason=predicate action=maybe_recompile pc=0x000001e53cd734e8 method=org.gradle.api.internal.artifacts.ivyservice.resolveengine.graph.builder.DependencyGraphBuilder.performSelectionSerially(Ljava/util/List;Lorg/gradle/api/specs/Spec;Lorg/gr
Event: 207.404 Thread 0x000001e54d0e1800 Uncommon trap: reason=unstable_if action=reinterpret pc=0x000001e53cbcf61c method=org.gradle.api.internal.artifacts.ivyservice.resolveengine.graph.builder.DependencyGraphBuilder.lambda$static$1(Lorg/gradle/api/internal/artifacts/ivyservice/resolveengine/g
Event: 207.644 Thread 0x000001e54d0e1800 Uncommon trap: reason=unstable_if action=reinterpret pc=0x000001e53cd58a5c method=org.gradle.api.internal.artifacts.ivyservice.resolveengine.graph.builder.EdgeState.<init>(Lorg/gradle/api/internal/artifacts/ivyservice/resolveengine/graph/builder/NodeState
Event: 207.645 Thread 0x000001e54d0e1800 Uncommon trap: reason=unstable_if action=reinterpret pc=0x000001e53cd44e00 method=org.gradle.api.internal.artifacts.ivyservice.resolveengine.graph.builder.EdgeState.attachToTargetConfigurations()V @ 21 c2
Event: 207.645 Thread 0x000001e54d0e1800 Uncommon trap: reason=unstable_if action=reinterpret pc=0x000001e53cd422a8 method=org.gradle.api.internal.artifacts.ivyservice.resolveengine.graph.builder.EdgeState.calculateTargetConfigurations(Lorg/gradle/api/internal/artifacts/ivyservice/resolveengine/

Classes redefined (0 events):
No events

Internal exceptions (10 events):
Event: 203.608 Thread 0x000001e54d0e1800 Exception <a 'java/lang/NoClassDefFoundError'{0x000000008db7c280}: org/jetbrains/kotlin/gradle/plugin/KotlinBasePluginWrapper> (0x000000008db7c280) thrown at [./open/src/hotspot/share/oops/constantPool.cpp, line 770]
Event: 205.394 Thread 0x000001e54d0e1800 Exception <a 'java/lang/NullPointerException'{0x000000008d44bdd8}> (0x000000008d44bdd8) thrown at [./open/src/hotspot/share/interpreter/linkResolver.cpp, line 1436]
Event: 205.707 Thread 0x000001e54d0e1800 Implicit null exception at 0x000001e53c821947 to 0x000001e53c823ed4
Event: 206.512 Thread 0x000001e54d0e1800 Exception <a 'sun/nio/fs/WindowsException'{0x000000008cfe8590}> (0x000000008cfe8590) thrown at [./open/src/hotspot/share/prims/jni.cpp, line 611]
Event: 206.512 Thread 0x000001e54d0e1800 Exception <a 'sun/nio/fs/WindowsException'{0x000000008cfe9b98}> (0x000000008cfe9b98) thrown at [./open/src/hotspot/share/prims/jni.cpp, line 611]
Event: 206.513 Thread 0x000001e54d0e1800 Exception <a 'sun/nio/fs/WindowsException'{0x000000008cfeb1f0}> (0x000000008cfeb1f0) thrown at [./open/src/hotspot/share/prims/jni.cpp, line 611]
Event: 206.513 Thread 0x000001e54d0e1800 Exception <a 'sun/nio/fs/WindowsException'{0x000000008cfec848}> (0x000000008cfec848) thrown at [./open/src/hotspot/share/prims/jni.cpp, line 611]
Event: 206.531 Thread 0x000001e54b1d6000 Implicit null exception at 0x000001e53c92e58d to 0x000001e53c92ecd0
Event: 206.962 Thread 0x000001e54d0e1800 Implicit null exception at 0x000001e53cd703f7 to 0x000001e53cd74228
Event: 207.121 Thread 0x000001e54d0e1800 Implicit null exception at 0x000001e53ccafd5e to 0x000001e53ccb5a38

Events (10 events):
Event: 207.644 Thread 0x000001e54d0e1800 DEOPT PACKING pc=0x000001e53cd58a5c sp=0x0000005f808f8a70
Event: 207.644 Thread 0x000001e54d0e1800 DEOPT UNPACKING pc=0x000001e53487662f sp=0x0000005f808f8950 mode 2
Event: 207.645 Thread 0x000001e54d0e1800 Uncommon trap: trap_request=0xffffff4d fr.pc=0x000001e53cd44e00 relative=0x00000000000011e0
Event: 207.645 Thread 0x000001e54d0e1800 DEOPT PACKING pc=0x000001e53cd44e00 sp=0x0000005f808f8cf0
Event: 207.645 Thread 0x000001e54d0e1800 DEOPT UNPACKING pc=0x000001e53487662f sp=0x0000005f808f8d10 mode 2
Event: 207.645 Thread 0x000001e54d0e1800 Uncommon trap: trap_request=0xffffff4d fr.pc=0x000001e53cd422a8 relative=0x0000000000000f88
Event: 207.645 Thread 0x000001e54d0e1800 DEOPT PACKING pc=0x000001e53cd422a8 sp=0x0000005f808f8c90
Event: 207.645 Thread 0x000001e54d0e1800 DEOPT UNPACKING pc=0x000001e53487662f sp=0x0000005f808f8c78 mode 2
Event: 207.889 Executing VM operation: G1CollectForAllocation
Event: 207.903 Executing VM operation: G1CollectForAllocation done


Dynamic libraries:
0x00007ff69f370000 - 0x00007ff69f37f000 	C:\Program Files\Java\jdk-11.0.17\bin\java.exe
0x00007ff9bd730000 - 0x00007ff9bd928000 	C:\windows\SYSTEM32\ntdll.dll
0x00007ff9bba20000 - 0x00007ff9bbadf000 	C:\windows\System32\KERNEL32.DLL
0x00007ff9bb3d0000 - 0x00007ff9bb6c6000 	C:\windows\System32\KERNELBASE.dll
0x00007ff9bb1f0000 - 0x00007ff9bb2f0000 	C:\windows\System32\ucrtbase.dll
0x00007ff9ae6b0000 - 0x00007ff9ae6c8000 	C:\Program Files\Java\jdk-11.0.17\bin\jli.dll
0x00007ff9bc620000 - 0x00007ff9bc6cf000 	C:\windows\System32\ADVAPI32.dll
0x00007ff9afbc0000 - 0x00007ff9afbd5000 	C:\Program Files\Java\jdk-11.0.17\bin\VCRUNTIME140.dll
0x00007ff9bb980000 - 0x00007ff9bba1e000 	C:\windows\System32\msvcrt.dll
0x00007ff9bcb10000 - 0x00007ff9bcbac000 	C:\windows\System32\sechost.dll
0x00007ff9bc890000 - 0x00007ff9bc9b6000 	C:\windows\System32\RPCRT4.dll
0x00007ff9bd550000 - 0x00007ff9bd6ed000 	C:\windows\System32\USER32.dll
0x00007ff9ba1f0000 - 0x00007ff9ba48a000 	C:\windows\WinSxS\amd64_microsoft.windows.common-controls_6595b64144ccf1df_6.0.19041.1110_none_60b5254171f9507e\COMCTL32.dll
0x00007ff9bb3a0000 - 0x00007ff9bb3c2000 	C:\windows\System32\win32u.dll
0x00007ff9bcd70000 - 0x00007ff9bcd9c000 	C:\windows\System32\GDI32.dll
0x00007ff9bb0d0000 - 0x00007ff9bb1e5000 	C:\windows\System32\gdi32full.dll
0x00007ff9bae10000 - 0x00007ff9baead000 	C:\windows\System32\msvcp_win.dll
0x00007ff9b0600000 - 0x00007ff9b060a000 	C:\windows\SYSTEM32\VERSION.dll
0x00007ff9bc730000 - 0x00007ff9bc760000 	C:\windows\System32\IMM32.DLL
0x00007ff991370000 - 0x00007ff99140b000 	C:\Program Files\Java\jdk-11.0.17\bin\msvcp140.dll
0x00007ff969d10000 - 0x00007ff96a82a000 	C:\Program Files\Java\jdk-11.0.17\bin\server\jvm.dll
0x00007ff9bbae0000 - 0x00007ff9bbae8000 	C:\windows\System32\PSAPI.DLL
0x00007ff9a19d0000 - 0x00007ff9a19f7000 	C:\windows\SYSTEM32\WINMM.dll
0x00007ff988dc0000 - 0x00007ff988dc9000 	C:\windows\SYSTEM32\WSOCK32.dll
0x00007ff9bd3c0000 - 0x00007ff9bd42b000 	C:\windows\System32\WS2_32.dll
0x00007ff9b8fa0000 - 0x00007ff9b8fb2000 	C:\windows\SYSTEM32\kernel.appcore.dll
0x00007ff9afa30000 - 0x00007ff9afa40000 	C:\Program Files\Java\jdk-11.0.17\bin\verify.dll
0x00007ff9ba7a0000 - 0x00007ff9ba984000 	C:\windows\SYSTEM32\DBGHELP.DLL
0x00007ff9ba760000 - 0x00007ff9ba794000 	C:\windows\SYSTEM32\dbgcore.DLL
0x00007ff9baeb0000 - 0x00007ff9baf32000 	C:\windows\System32\bcryptPrimitives.dll
0x00007ff9ac030000 - 0x00007ff9ac058000 	C:\Program Files\Java\jdk-11.0.17\bin\java.dll
0x00007ff9af960000 - 0x00007ff9af96a000 	C:\Program Files\Java\jdk-11.0.17\bin\jimage.dll
0x00007ff9abe10000 - 0x00007ff9abe26000 	C:\Program Files\Java\jdk-11.0.17\bin\zip.dll
0x00007ff9bbb60000 - 0x00007ff9bc2a4000 	C:\windows\System32\SHELL32.dll
0x00007ff9b8540000 - 0x00007ff9b8cd4000 	C:\windows\SYSTEM32\windows.storage.dll
0x00007ff9bc2b0000 - 0x00007ff9bc604000 	C:\windows\System32\combase.dll
0x00007ff9ba070000 - 0x00007ff9ba09e000 	C:\windows\SYSTEM32\Wldp.dll
0x00007ff9bb8d0000 - 0x00007ff9bb97d000 	C:\windows\System32\SHCORE.dll
0x00007ff9bcbd0000 - 0x00007ff9bcc25000 	C:\windows\System32\shlwapi.dll
0x00007ff9bad40000 - 0x00007ff9bad65000 	C:\windows\SYSTEM32\profapi.dll
0x00007ff9abdf0000 - 0x00007ff9abe09000 	C:\Program Files\Java\jdk-11.0.17\bin\net.dll
0x00007ff9af4e0000 - 0x00007ff9af5ea000 	C:\windows\SYSTEM32\WINHTTP.dll
0x00007ff9b9e50000 - 0x00007ff9b9eba000 	C:\windows\system32\mswsock.dll
0x00007ff9aba50000 - 0x00007ff9aba62000 	C:\Program Files\Java\jdk-11.0.17\bin\nio.dll
0x00007ff9aba20000 - 0x00007ff9aba47000 	C:\Users\pl\.gradle\native\68d5fa5c4cc2d200863cafc0d521ce42e7d3e7ee720ec0a83991735586a16f82\windows-amd64\native-platform.dll
0x00007ff97ed70000 - 0x00007ff97eeb4000 	C:\Users\pl\.gradle\native\e376f236ea51e6404a007f0833ffe2c6e607c4080706a723a18a27aeea778392\windows-amd64\native-platform-file-events.dll
0x00007ff9afca0000 - 0x00007ff9afca9000 	C:\Program Files\Java\jdk-11.0.17\bin\management.dll
0x00007ff9afc90000 - 0x00007ff9afc9b000 	C:\Program Files\Java\jdk-11.0.17\bin\management_ext.dll
0x00007ff9bab80000 - 0x00007ff9bab98000 	C:\windows\SYSTEM32\CRYPTSP.dll
0x00007ff9b97f0000 - 0x00007ff9b9824000 	C:\windows\system32\rsaenh.dll
0x00007ff9baf40000 - 0x00007ff9baf67000 	C:\windows\System32\bcrypt.dll
0x00007ff9bad00000 - 0x00007ff9bad2e000 	C:\windows\SYSTEM32\USERENV.dll
0x00007ff9b9fe0000 - 0x00007ff9b9fec000 	C:\windows\SYSTEM32\CRYPTBASE.dll
0x00007ff9b9b60000 - 0x00007ff9b9b9c000 	C:\windows\SYSTEM32\IPHLPAPI.DLL
0x00007ff9bc610000 - 0x00007ff9bc618000 	C:\windows\System32\NSI.dll
0x00007ff9aed90000 - 0x00007ff9aeda7000 	C:\windows\SYSTEM32\dhcpcsvc6.DLL
0x00007ff9aed70000 - 0x00007ff9aed8d000 	C:\windows\SYSTEM32\dhcpcsvc.DLL
0x00007ff9b9ba0000 - 0x00007ff9b9c6a000 	C:\windows\SYSTEM32\DNSAPI.dll

dbghelp: loaded successfully - version: 4.0.5 - missing functions: none
symbol engine: initialized successfully - sym options: 0x614 - pdb path: .;C:\Program Files\Java\jdk-11.0.17\bin;C:\windows\SYSTEM32;C:\windows\WinSxS\amd64_microsoft.windows.common-controls_6595b64144ccf1df_6.0.19041.1110_none_60b5254171f9507e;C:\Program Files\Java\jdk-11.0.17\bin\server;C:\Users\pl\.gradle\native\68d5fa5c4cc2d200863cafc0d521ce42e7d3e7ee720ec0a83991735586a16f82\windows-amd64;C:\Users\pl\.gradle\native\e376f236ea51e6404a007f0833ffe2c6e607c4080706a723a18a27aeea778392\windows-amd64

VM Arguments:
jvm_args: -XX:MaxMetaspaceSize=512m --add-opens=java.base/java.util=ALL-UNNAMED --add-opens=java.base/java.lang=ALL-UNNAMED --add-opens=java.base/java.lang.invoke=ALL-UNNAMED --add-opens=java.prefs/java.util.prefs=ALL-UNNAMED --add-opens=java.base/java.nio.charset=ALL-UNNAMED --add-opens=java.base/java.net=ALL-UNNAMED --add-opens=java.base/java.util.concurrent.atomic=ALL-UNNAMED -Xmx2048m -Dfile.encoding=windows-1252 -Duser.country=US -Duser.language=en -Duser.variant 
java_command: org.gradle.launcher.daemon.bootstrap.GradleDaemon 8.0.1
java_class_path (initial): C:\Users\pl\.gradle\wrapper\dists\gradle-8.0.1-all\aro4hu1c3oeioove7l0i4i14o\gradle-8.0.1\lib\gradle-launcher-8.0.1.jar
Launcher Type: SUN_STANDARD

[Global flags]
     intx CICompilerCount                          = 4                                         {product} {ergonomic}
   size_t CompressedClassSpaceSize                 = 528482304                                 {product} {ergonomic}
     uint ConcGCThreads                            = 2                                         {product} {ergonomic}
     uint G1ConcRefinementThreads                  = 8                                         {product} {ergonomic}
   size_t G1HeapRegionSize                         = 1048576                                   {product} {ergonomic}
    uintx GCDrainStackTargetSize                   = 64                                        {product} {ergonomic}
   size_t InitialHeapSize                          = 132120576                                 {product} {ergonomic}
   size_t MarkStackSize                            = 4194304                                   {product} {ergonomic}
   size_t MaxHeapSize                              = 2147483648                                {product} {command line}
   size_t MaxMetaspaceSize                         = 536870912                                 {product} {command line}
   size_t MaxNewSize                               = 1287651328                                {product} {ergonomic}
   size_t MinHeapDeltaBytes                        = 1048576                                   {product} {ergonomic}
    uintx NonNMethodCodeHeapSize                   = 5836300                                {pd product} {ergonomic}
    uintx NonProfiledCodeHeapSize                  = 122910970                              {pd product} {ergonomic}
    uintx ProfiledCodeHeapSize                     = 122910970                              {pd product} {ergonomic}
    uintx ReservedCodeCacheSize                    = 251658240                              {pd product} {ergonomic}
     bool SegmentedCodeCache                       = true                                      {product} {ergonomic}
     bool UseCompressedClassPointers               = true                                 {lp64_product} {ergonomic}
     bool UseCompressedOops                        = true                                 {lp64_product} {ergonomic}
     bool UseG1GC                                  = true                                      {product} {ergonomic}
     bool UseLargePagesIndividualAllocation        = false                                  {pd product} {ergonomic}

Logging:
Log output configuration:
 #0: stdout all=warning uptime,level,tags
 #1: stderr all=off uptime,level,tags

Environment Variables:
JAVA_HOME=C:\Program Files\Java\jdk-11.0.17
CLASSPATH=C:\Users\pl\Desktop\react-native\searchjob\android\\gradle\wrapper\gradle-wrapper.jar
PATH=C:\Users\pl\Desktop\react-native\searchjob\node_modules\.bin;C:\Users\pl\Desktop\react-native\searchjob\node_modules\.bin;C:\Users\pl\Desktop\react-native\node_modules\.bin;C:\Users\pl\Desktop\node_modules\.bin;C:\Users\pl\node_modules\.bin;C:\Users\node_modules\.bin;C:\node_modules\.bin;C:\Users\pl\Desktop\react-native\searchjob\node_modules\npm\node_modules\@npmcli\run-script\lib\node-gyp-bin;C:\Users\pl\Desktop\react-native\searchjob\node_modules\.bin;C:\Users\pl\Desktop\react-native\node_modules\.bin;C:\Users\pl\Desktop\node_modules\.bin;C:\Users\pl\node_modules\.bin;C:\Users\node_modules\.bin;C:\node_modules\.bin;C:\Users\pl\AppData\Roaming\npm\node_modules\npm\node_modules\@npmcli\run-script\lib\node-gyp-bin;C:\Program Files\Common Files\Oracle\Java\javapath;C:\windows\system32;C:\windows;C:\windows\System32\Wbem;C:\windows\System32\WindowsPowerShell\v1.0\;C:\windows\System32\OpenSSH\;C:\Program Files\nodejs\;C:\Users\pl\AppData\Local\Android\Sdk\platform-tools;C:\Program Files\MongoDB\Server\6.0\bin;C:\Users\pl\anaconda3;C:\Users\pl\anaconda3\Library\mingw-w64\bin;C:\Users\pl\anaconda3\Library\usr\bin;C:\Users\pl\anaconda3\Library\bin;C:\Users\pl\anaconda3\Scripts;C:\Users\pl\AppData\Local\Programs\Python\Python311\Scripts\;C:\Users\pl\AppData\Local\Programs\Python\Python311\;C:\Users\pl\AppData\Local\Microsoft\WindowsApps;C:\Users\pl\AppData\Roaming\npm;C:\Users\pl\AppData\Local\GitHubDesktop\bin;C:\Users\pl\AppData\Local\Android\Sdk\platform-tools;C:\Users\pl\AppData\Local\Android\Sdk;C:\Program Files\Android\Android Studio\bin;C:\Users\pl\AppData\Local\Programs\Microsoft VS Code\bin
USERNAME=pl
OS=Windows_NT
PROCESSOR_IDENTIFIER=Intel64 Family 6 Model 142 Stepping 10, GenuineIntel



---------------  S Y S T E M  ---------------

OS: Windows 10 , 64 bit Build 19041 (10.0.19041.3155)
Hyper-V role detected

CPU:total 8 (initial active 8) (4 cores per cpu, 2 threads per core) family 6 model 142 stepping 10 microcode 0xf4, cmov, cx8, fxsr, mmx, sse, sse2, sse3, ssse3, sse4.1, sse4.2, popcnt, avx, avx2, aes, clmul, erms, rtm, 3dnowpref, lzcnt, ht, tsc, tscinvbit, bmi1, bmi2, adx, fma

Memory: 4k page, system-wide physical 8035M (409M free)
TotalPageFile size 10083M (AvailPageFile size 4M)
current process WorkingSet (physical memory assigned to process): 467M, peak: 496M
current process commit charge ("private bytes"): 600M, peak: 604M

vm_info: Java HotSpot(TM) 64-Bit Server VM (11.0.17+10-LTS-269) for windows-amd64 JRE (11.0.17+10-LTS-269), built on Sep 13 2022 19:26:37 by "mach5one" with MS VC++ 15.9 (VS2017)

END.
